2025-05-08 20:59:39 | INFO     | Cleared existing output directory: ../inputs/datasets/processed
2025-05-08 20:59:40 | SUCCESS  | Split Complete
2025-05-08 20:59:40 | INFO     | Unique IDs in 'train': ['C', 'D', 'E', 'F', 'I', 'J', 'K', 'M', 'O', 'P', 'Q', 'R', 'S', 'T', 'U', 'V', 'Y', 'ZB', 'ZC']
2025-05-08 20:59:40 | INFO     | Unique IDs in 'validation': ['B', 'G', 'L', 'X']
2025-05-08 20:59:40 | INFO     | Unique IDs in 'test': ['A', 'H', 'N', 'W', 'ZA']
2025-05-08 20:59:40 | INFO     | Train samples: 1311
2025-05-08 20:59:40 | INFO     | Val samples: 234
2025-05-08 20:59:40 | INFO     | Test samples: 455
2025-05-08 20:59:40 | INFO     | Train batch shape: torch.Size([32, 1, 56, 224])
2025-05-08 20:59:40 | INFO     | Train batch shape: torch.Size([32, 1, 56, 224])
2025-05-08 20:59:40 | INFO     | Val batch shape: torch.Size([32, 1, 56, 224])
2025-05-08 20:59:40 | INFO     | Test batch shape: torch.Size([32, 1, 56, 224])
2025-05-08 20:59:40 | INFO     | Using device: cpu
2025-05-08 20:59:46 | INFO     | Epoch 1/100
2025-05-08 20:59:46 | INFO     | Train Loss: 2.5633, Val Loss: 0.6381
2025-05-08 20:59:46 | INFO     | Train Acc: 0.5225, Val Acc: 0.7308
2025-05-08 20:59:46 | SUCCESS  | Best model saved.
2025-05-08 20:59:51 | INFO     | Epoch 2/100
2025-05-08 20:59:51 | INFO     | Train Loss: 1.8474, Val Loss: 0.6875
2025-05-08 20:59:51 | INFO     | Train Acc: 0.5332, Val Acc: 0.5085
2025-05-08 20:59:55 | INFO     | Epoch 3/100
2025-05-08 20:59:55 | INFO     | Train Loss: 1.4581, Val Loss: 0.7087
2025-05-08 20:59:55 | INFO     | Train Acc: 0.5538, Val Acc: 0.4402
2025-05-08 20:59:59 | INFO     | Epoch 4/100
2025-05-08 20:59:59 | INFO     | Train Loss: 1.4016, Val Loss: 0.6866
2025-05-08 20:59:59 | INFO     | Train Acc: 0.5767, Val Acc: 0.5214
2025-05-08 21:00:03 | INFO     | Epoch 5/100
2025-05-08 21:00:03 | INFO     | Train Loss: 1.1572, Val Loss: 0.6869
2025-05-08 21:00:03 | INFO     | Train Acc: 0.6156, Val Acc: 0.4915
2025-05-08 21:00:08 | INFO     | Epoch 6/100
2025-05-08 21:00:08 | INFO     | Train Loss: 1.0590, Val Loss: 0.6652
2025-05-08 21:00:08 | INFO     | Train Acc: 0.6293, Val Acc: 0.5513
2025-05-08 21:00:12 | INFO     | Epoch 7/100
2025-05-08 21:00:12 | INFO     | Train Loss: 0.8770, Val Loss: 0.6957
2025-05-08 21:00:12 | INFO     | Train Acc: 0.6728, Val Acc: 0.4872
2025-05-08 21:00:16 | INFO     | Epoch 8/100
2025-05-08 21:00:16 | INFO     | Train Loss: 0.8247, Val Loss: 0.6983
2025-05-08 21:00:16 | INFO     | Train Acc: 0.6850, Val Acc: 0.4829
2025-05-08 21:00:20 | INFO     | Epoch 9/100
2025-05-08 21:00:20 | INFO     | Train Loss: 0.7968, Val Loss: 0.7088
2025-05-08 21:00:20 | INFO     | Train Acc: 0.6819, Val Acc: 0.4829
2025-05-08 21:00:24 | INFO     | Epoch 10/100
2025-05-08 21:00:24 | INFO     | Train Loss: 0.8139, Val Loss: 0.6875
2025-05-08 21:00:24 | INFO     | Train Acc: 0.6972, Val Acc: 0.6111
2025-05-08 21:00:29 | INFO     | Epoch 11/100
2025-05-08 21:00:29 | INFO     | Train Loss: 0.6889, Val Loss: 0.7229
2025-05-08 21:00:29 | INFO     | Train Acc: 0.7033, Val Acc: 0.4786
2025-05-08 21:00:33 | INFO     | Epoch 12/100
2025-05-08 21:00:33 | INFO     | Train Loss: 0.6516, Val Loss: 0.7275
2025-05-08 21:00:33 | INFO     | Train Acc: 0.7147, Val Acc: 0.4829
2025-05-08 21:00:37 | INFO     | Epoch 13/100
2025-05-08 21:00:37 | INFO     | Train Loss: 0.6245, Val Loss: 0.6932
2025-05-08 21:00:37 | INFO     | Train Acc: 0.7132, Val Acc: 0.4872
2025-05-08 21:00:41 | INFO     | Epoch 14/100
2025-05-08 21:00:41 | INFO     | Train Loss: 0.6862, Val Loss: 0.6978
2025-05-08 21:00:41 | INFO     | Train Acc: 0.7117, Val Acc: 0.5000
2025-05-08 21:00:46 | INFO     | Epoch 15/100
2025-05-08 21:00:46 | INFO     | Train Loss: 0.6264, Val Loss: 0.7009
2025-05-08 21:00:46 | INFO     | Train Acc: 0.7231, Val Acc: 0.4487
2025-05-08 21:00:50 | INFO     | Epoch 16/100
2025-05-08 21:00:50 | INFO     | Train Loss: 0.6360, Val Loss: 0.7121
2025-05-08 21:00:50 | INFO     | Train Acc: 0.7147, Val Acc: 0.4744
2025-05-08 21:00:54 | INFO     | Epoch 17/100
2025-05-08 21:00:54 | INFO     | Train Loss: 0.6590, Val Loss: 0.7102
2025-05-08 21:00:54 | INFO     | Train Acc: 0.7010, Val Acc: 0.4658
2025-05-08 21:00:58 | INFO     | Epoch 18/100
2025-05-08 21:00:58 | INFO     | Train Loss: 0.6413, Val Loss: 0.7134
2025-05-08 21:00:58 | INFO     | Train Acc: 0.7231, Val Acc: 0.4658
2025-05-08 21:01:02 | INFO     | Epoch 19/100
2025-05-08 21:01:02 | INFO     | Train Loss: 0.6511, Val Loss: 0.7056
2025-05-08 21:01:02 | INFO     | Train Acc: 0.6918, Val Acc: 0.5000
2025-05-08 21:01:07 | INFO     | Epoch 20/100
2025-05-08 21:01:07 | INFO     | Train Loss: 0.6219, Val Loss: 0.6987
2025-05-08 21:01:07 | INFO     | Train Acc: 0.7201, Val Acc: 0.4701
2025-05-08 21:01:11 | INFO     | Epoch 21/100
2025-05-08 21:01:11 | INFO     | Train Loss: 0.6478, Val Loss: 0.7213
2025-05-08 21:01:11 | INFO     | Train Acc: 0.7140, Val Acc: 0.4829
2025-05-08 21:01:15 | INFO     | Epoch 22/100
2025-05-08 21:01:15 | INFO     | Train Loss: 0.6165, Val Loss: 0.6982
2025-05-08 21:01:15 | INFO     | Train Acc: 0.7048, Val Acc: 0.4957
2025-05-08 21:01:20 | INFO     | Epoch 23/100
2025-05-08 21:01:20 | INFO     | Train Loss: 0.6404, Val Loss: 0.7012
2025-05-08 21:01:20 | INFO     | Train Acc: 0.7170, Val Acc: 0.4872
2025-05-08 21:01:24 | INFO     | Epoch 24/100
2025-05-08 21:01:24 | INFO     | Train Loss: 0.6348, Val Loss: 0.6986
2025-05-08 21:01:24 | INFO     | Train Acc: 0.7071, Val Acc: 0.4786
2025-05-08 21:01:28 | INFO     | Epoch 25/100
2025-05-08 21:01:28 | INFO     | Train Loss: 0.6318, Val Loss: 0.7086
2025-05-08 21:01:28 | INFO     | Train Acc: 0.7117, Val Acc: 0.4872
2025-05-08 21:01:33 | INFO     | Epoch 26/100
2025-05-08 21:01:33 | INFO     | Train Loss: 0.6111, Val Loss: 0.7131
2025-05-08 21:01:33 | INFO     | Train Acc: 0.7185, Val Acc: 0.4658
2025-05-08 21:01:37 | INFO     | Epoch 27/100
2025-05-08 21:01:37 | INFO     | Train Loss: 0.5921, Val Loss: 0.6991
2025-05-08 21:01:37 | INFO     | Train Acc: 0.7315, Val Acc: 0.4829
2025-05-08 21:01:41 | INFO     | Epoch 28/100
2025-05-08 21:01:41 | INFO     | Train Loss: 0.5814, Val Loss: 0.7158
2025-05-08 21:01:41 | INFO     | Train Acc: 0.7086, Val Acc: 0.4786
2025-05-08 21:01:46 | INFO     | Epoch 29/100
2025-05-08 21:01:46 | INFO     | Train Loss: 0.6149, Val Loss: 0.6989
2025-05-08 21:01:46 | INFO     | Train Acc: 0.7368, Val Acc: 0.4658
2025-05-08 21:01:50 | INFO     | Epoch 30/100
2025-05-08 21:01:50 | INFO     | Train Loss: 0.6511, Val Loss: 0.7117
2025-05-08 21:01:50 | INFO     | Train Acc: 0.7109, Val Acc: 0.4829
2025-05-08 21:01:54 | INFO     | Epoch 31/100
2025-05-08 21:01:54 | INFO     | Train Loss: 0.6267, Val Loss: 0.7094
2025-05-08 21:01:54 | INFO     | Train Acc: 0.7262, Val Acc: 0.4786
2025-05-08 21:01:59 | INFO     | Epoch 32/100
2025-05-08 21:01:59 | INFO     | Train Loss: 0.5902, Val Loss: 0.7181
2025-05-08 21:01:59 | INFO     | Train Acc: 0.7124, Val Acc: 0.4744
2025-05-08 21:02:03 | INFO     | Epoch 33/100
2025-05-08 21:02:03 | INFO     | Train Loss: 0.6085, Val Loss: 0.7023
2025-05-08 21:02:03 | INFO     | Train Acc: 0.7239, Val Acc: 0.4915
2025-05-08 21:02:08 | INFO     | Epoch 34/100
2025-05-08 21:02:08 | INFO     | Train Loss: 0.5949, Val Loss: 0.6997
2025-05-08 21:02:08 | INFO     | Train Acc: 0.7445, Val Acc: 0.4872
2025-05-08 21:02:12 | INFO     | Epoch 35/100
2025-05-08 21:02:12 | INFO     | Train Loss: 0.6386, Val Loss: 0.7170
2025-05-08 21:02:12 | INFO     | Train Acc: 0.7178, Val Acc: 0.4573
2025-05-08 21:02:16 | INFO     | Epoch 36/100
2025-05-08 21:02:16 | INFO     | Train Loss: 0.5930, Val Loss: 0.7057
2025-05-08 21:02:16 | INFO     | Train Acc: 0.7239, Val Acc: 0.4786
2025-05-08 21:02:21 | INFO     | Epoch 37/100
2025-05-08 21:02:21 | INFO     | Train Loss: 0.6011, Val Loss: 0.7124
2025-05-08 21:02:21 | INFO     | Train Acc: 0.7429, Val Acc: 0.4615
2025-05-08 21:02:25 | INFO     | Epoch 38/100
2025-05-08 21:02:25 | INFO     | Train Loss: 0.6203, Val Loss: 0.7091
2025-05-08 21:02:25 | INFO     | Train Acc: 0.7109, Val Acc: 0.4701
2025-05-08 21:02:29 | INFO     | Epoch 39/100
2025-05-08 21:02:29 | INFO     | Train Loss: 0.5931, Val Loss: 0.7088
2025-05-08 21:02:29 | INFO     | Train Acc: 0.7185, Val Acc: 0.4701
2025-05-08 21:02:33 | INFO     | Epoch 40/100
2025-05-08 21:02:33 | INFO     | Train Loss: 0.6407, Val Loss: 0.7168
2025-05-08 21:02:33 | INFO     | Train Acc: 0.7231, Val Acc: 0.4957
2025-05-08 21:02:37 | INFO     | Epoch 41/100
2025-05-08 21:02:37 | INFO     | Train Loss: 0.6436, Val Loss: 0.7178
2025-05-08 21:02:37 | INFO     | Train Acc: 0.7101, Val Acc: 0.4487
2025-05-08 21:02:37 | WARNING  | Early stopping triggered.
2025-05-08 21:02:37 | SUCCESS  | Final model saved to ../outputs/models/deep_ml/TJM3_FINAL_20250508_210237.pt
2025-05-08 21:02:37 | SUCCESS  | Training history saved to ../outputs/utils/deep_ml/training_history_csv_files/training_history_20250508_210237.csv
2025-05-08 21:02:38 | INFO     | Test Accuracy: 0.7297
2025-05-08 21:02:38 | INFO     | Test Precision: 0.7826
2025-05-08 21:02:38 | INFO     | Test Recall: 0.5888
2025-05-08 21:02:38 | INFO     | Test F1 Score: 0.6720
2025-05-08 21:02:38 | INFO     | 
Classification Report:
2025-05-08 21:02:38 | INFO     | 
              precision    recall  f1-score   support

           0       0.70      0.85      0.77       241
           1       0.78      0.59      0.67       214

    accuracy                           0.73       455
   macro avg       0.74      0.72      0.72       455
weighted avg       0.74      0.73      0.72       455

2025-05-08 21:02:38 | INFO     | 
Confusion Matrix:
2025-05-08 21:02:38 | INFO     | 
[[206  35]
 [ 88 126]]
2025-05-08 21:02:39 | INFO     | 
Some individual test predictions:

2025-05-08 21:02:39 | INFO     | W0527.png                      true=0 pred=0 prob=0.386
2025-05-08 21:02:39 | INFO     | A0279.png                      true=0 pred=0 prob=0.467
2025-05-08 21:02:39 | INFO     | h0441.png                      true=1 pred=0 prob=0.002
2025-05-08 21:02:39 | INFO     | n0172.png                      true=1 pred=1 prob=0.905
2025-05-08 21:02:39 | INFO     | N1086.png                      true=0 pred=0 prob=0.438
