2025-05-08 21:03:26 | INFO     | Cleared existing output directory: ../inputs/datasets/processed
2025-05-08 21:03:26 | SUCCESS  | Split Complete
2025-05-08 21:03:26 | INFO     | Unique IDs in 'train': ['A', 'B', 'D', 'E', 'G', 'H', 'I', 'J', 'M', 'N', 'P', 'Q', 'R', 'T', 'U', 'V', 'W', 'X', 'Y']
2025-05-08 21:03:26 | INFO     | Unique IDs in 'validation': ['K', 'L', 'O', 'S']
2025-05-08 21:03:26 | INFO     | Unique IDs in 'test': ['C', 'F', 'ZA', 'ZB', 'ZC']
2025-05-08 21:03:27 | INFO     | Train samples: 1375
2025-05-08 21:03:27 | INFO     | Val samples: 221
2025-05-08 21:03:27 | INFO     | Test samples: 404
2025-05-08 21:03:27 | INFO     | Train batch shape: torch.Size([32, 1, 56, 224])
2025-05-08 21:03:27 | INFO     | Train batch shape: torch.Size([32, 1, 56, 224])
2025-05-08 21:03:27 | INFO     | Val batch shape: torch.Size([32, 1, 56, 224])
2025-05-08 21:03:27 | INFO     | Test batch shape: torch.Size([32, 1, 56, 224])
2025-05-08 21:03:27 | INFO     | Using device: cpu
2025-05-08 21:03:33 | INFO     | Epoch 1/100
2025-05-08 21:03:33 | INFO     | Train Loss: 2.7078, Val Loss: 1.2376
2025-05-08 21:03:33 | INFO     | Train Acc: 0.5615, Val Acc: 0.2941
2025-05-08 21:03:33 | SUCCESS  | Best model saved.
2025-05-08 21:03:37 | INFO     | Epoch 2/100
2025-05-08 21:03:37 | INFO     | Train Loss: 1.9940, Val Loss: 1.3852
2025-05-08 21:03:37 | INFO     | Train Acc: 0.5876, Val Acc: 0.4072
2025-05-08 21:03:41 | INFO     | Epoch 3/100
2025-05-08 21:03:41 | INFO     | Train Loss: 1.7583, Val Loss: 1.5146
2025-05-08 21:03:41 | INFO     | Train Acc: 0.6065, Val Acc: 0.4027
2025-05-08 21:03:46 | INFO     | Epoch 4/100
2025-05-08 21:03:46 | INFO     | Train Loss: 1.4348, Val Loss: 1.4639
2025-05-08 21:03:46 | INFO     | Train Acc: 0.6335, Val Acc: 0.3982
2025-05-08 21:03:50 | INFO     | Epoch 5/100
2025-05-08 21:03:50 | INFO     | Train Loss: 1.0448, Val Loss: 1.3066
2025-05-08 21:03:50 | INFO     | Train Acc: 0.6931, Val Acc: 0.4072
2025-05-08 21:03:54 | INFO     | Epoch 6/100
2025-05-08 21:03:54 | INFO     | Train Loss: 1.0503, Val Loss: 1.3825
2025-05-08 21:03:54 | INFO     | Train Acc: 0.7098, Val Acc: 0.4027
2025-05-08 21:03:59 | INFO     | Epoch 7/100
2025-05-08 21:03:59 | INFO     | Train Loss: 0.8682, Val Loss: 1.2734
2025-05-08 21:03:59 | INFO     | Train Acc: 0.7200, Val Acc: 0.3620
2025-05-08 21:04:03 | INFO     | Epoch 8/100
2025-05-08 21:04:03 | INFO     | Train Loss: 0.8178, Val Loss: 1.2699
2025-05-08 21:04:03 | INFO     | Train Acc: 0.7156, Val Acc: 0.4027
2025-05-08 21:04:07 | INFO     | Epoch 9/100
2025-05-08 21:04:07 | INFO     | Train Loss: 0.6937, Val Loss: 1.2588
2025-05-08 21:04:07 | INFO     | Train Acc: 0.7411, Val Acc: 0.4163
2025-05-08 21:04:12 | INFO     | Epoch 10/100
2025-05-08 21:04:12 | INFO     | Train Loss: 0.7705, Val Loss: 1.2234
2025-05-08 21:04:12 | INFO     | Train Acc: 0.7462, Val Acc: 0.3846
2025-05-08 21:04:12 | SUCCESS  | Best model saved.
2025-05-08 21:04:16 | INFO     | Epoch 11/100
2025-05-08 21:04:16 | INFO     | Train Loss: 0.8070, Val Loss: 1.2229
2025-05-08 21:04:16 | INFO     | Train Acc: 0.7382, Val Acc: 0.3756
2025-05-08 21:04:16 | SUCCESS  | Best model saved.
2025-05-08 21:04:20 | INFO     | Epoch 12/100
2025-05-08 21:04:20 | INFO     | Train Loss: 0.7489, Val Loss: 1.2256
2025-05-08 21:04:20 | INFO     | Train Acc: 0.7535, Val Acc: 0.4118
2025-05-08 21:04:25 | INFO     | Epoch 13/100
2025-05-08 21:04:25 | INFO     | Train Loss: 0.7043, Val Loss: 1.2235
2025-05-08 21:04:25 | INFO     | Train Acc: 0.7491, Val Acc: 0.3846
2025-05-08 21:04:29 | INFO     | Epoch 14/100
2025-05-08 21:04:29 | INFO     | Train Loss: 0.6821, Val Loss: 1.3842
2025-05-08 21:04:29 | INFO     | Train Acc: 0.7535, Val Acc: 0.4072
2025-05-08 21:04:33 | INFO     | Epoch 15/100
2025-05-08 21:04:33 | INFO     | Train Loss: 0.6450, Val Loss: 1.3949
2025-05-08 21:04:33 | INFO     | Train Acc: 0.7476, Val Acc: 0.3801
2025-05-08 21:04:38 | INFO     | Epoch 16/100
2025-05-08 21:04:38 | INFO     | Train Loss: 0.6537, Val Loss: 1.4021
2025-05-08 21:04:38 | INFO     | Train Acc: 0.7782, Val Acc: 0.3982
2025-05-08 21:04:42 | INFO     | Epoch 17/100
2025-05-08 21:04:42 | INFO     | Train Loss: 0.6651, Val Loss: 1.4191
2025-05-08 21:04:42 | INFO     | Train Acc: 0.7535, Val Acc: 0.3801
2025-05-08 21:04:47 | INFO     | Epoch 18/100
2025-05-08 21:04:47 | INFO     | Train Loss: 0.6320, Val Loss: 1.3819
2025-05-08 21:04:47 | INFO     | Train Acc: 0.7556, Val Acc: 0.3710
2025-05-08 21:04:51 | INFO     | Epoch 19/100
2025-05-08 21:04:51 | INFO     | Train Loss: 0.6801, Val Loss: 1.4177
2025-05-08 21:04:51 | INFO     | Train Acc: 0.7622, Val Acc: 0.3801
2025-05-08 21:04:56 | INFO     | Epoch 20/100
2025-05-08 21:04:56 | INFO     | Train Loss: 0.6856, Val Loss: 1.2790
2025-05-08 21:04:56 | INFO     | Train Acc: 0.7615, Val Acc: 0.3710
2025-05-08 21:05:00 | INFO     | Epoch 21/100
2025-05-08 21:05:00 | INFO     | Train Loss: 0.6642, Val Loss: 1.2575
2025-05-08 21:05:00 | INFO     | Train Acc: 0.7607, Val Acc: 0.3529
2025-05-08 21:05:05 | INFO     | Epoch 22/100
2025-05-08 21:05:05 | INFO     | Train Loss: 0.6058, Val Loss: 1.3499
2025-05-08 21:05:05 | INFO     | Train Acc: 0.7876, Val Acc: 0.4118
2025-05-08 21:05:09 | INFO     | Epoch 23/100
2025-05-08 21:05:09 | INFO     | Train Loss: 0.6200, Val Loss: 1.3791
2025-05-08 21:05:09 | INFO     | Train Acc: 0.7600, Val Acc: 0.3529
2025-05-08 21:05:14 | INFO     | Epoch 24/100
2025-05-08 21:05:14 | INFO     | Train Loss: 0.6433, Val Loss: 1.3885
2025-05-08 21:05:14 | INFO     | Train Acc: 0.7695, Val Acc: 0.3665
2025-05-08 21:05:18 | INFO     | Epoch 25/100
2025-05-08 21:05:18 | INFO     | Train Loss: 0.6451, Val Loss: 1.3766
2025-05-08 21:05:18 | INFO     | Train Acc: 0.7622, Val Acc: 0.3620
2025-05-08 21:05:22 | INFO     | Epoch 26/100
2025-05-08 21:05:22 | INFO     | Train Loss: 0.6441, Val Loss: 1.3959
2025-05-08 21:05:22 | INFO     | Train Acc: 0.7520, Val Acc: 0.3710
2025-05-08 21:05:27 | INFO     | Epoch 27/100
2025-05-08 21:05:27 | INFO     | Train Loss: 0.6303, Val Loss: 1.3932
2025-05-08 21:05:27 | INFO     | Train Acc: 0.7571, Val Acc: 0.3620
2025-05-08 21:05:31 | INFO     | Epoch 28/100
2025-05-08 21:05:31 | INFO     | Train Loss: 0.6153, Val Loss: 1.3494
2025-05-08 21:05:31 | INFO     | Train Acc: 0.7760, Val Acc: 0.3665
2025-05-08 21:05:35 | INFO     | Epoch 29/100
2025-05-08 21:05:35 | INFO     | Train Loss: 0.5715, Val Loss: 1.4324
2025-05-08 21:05:35 | INFO     | Train Acc: 0.7687, Val Acc: 0.3937
2025-05-08 21:05:40 | INFO     | Epoch 30/100
2025-05-08 21:05:40 | INFO     | Train Loss: 0.6532, Val Loss: 1.3627
2025-05-08 21:05:40 | INFO     | Train Acc: 0.7571, Val Acc: 0.3665
2025-05-08 21:05:44 | INFO     | Epoch 31/100
2025-05-08 21:05:44 | INFO     | Train Loss: 0.5971, Val Loss: 1.4150
2025-05-08 21:05:44 | INFO     | Train Acc: 0.7738, Val Acc: 0.3665
2025-05-08 21:05:49 | INFO     | Epoch 32/100
2025-05-08 21:05:49 | INFO     | Train Loss: 0.5860, Val Loss: 1.2257
2025-05-08 21:05:49 | INFO     | Train Acc: 0.7847, Val Acc: 0.3891
2025-05-08 21:05:53 | INFO     | Epoch 33/100
2025-05-08 21:05:53 | INFO     | Train Loss: 0.5960, Val Loss: 1.3810
2025-05-08 21:05:53 | INFO     | Train Acc: 0.7724, Val Acc: 0.3710
2025-05-08 21:05:57 | INFO     | Epoch 34/100
2025-05-08 21:05:57 | INFO     | Train Loss: 0.6425, Val Loss: 1.3075
2025-05-08 21:05:57 | INFO     | Train Acc: 0.7789, Val Acc: 0.3801
2025-05-08 21:06:01 | INFO     | Epoch 35/100
2025-05-08 21:06:01 | INFO     | Train Loss: 0.6410, Val Loss: 1.3858
2025-05-08 21:06:01 | INFO     | Train Acc: 0.7600, Val Acc: 0.3710
2025-05-08 21:06:06 | INFO     | Epoch 36/100
2025-05-08 21:06:06 | INFO     | Train Loss: 0.6100, Val Loss: 1.4349
2025-05-08 21:06:06 | INFO     | Train Acc: 0.7527, Val Acc: 0.3575
2025-05-08 21:06:10 | INFO     | Epoch 37/100
2025-05-08 21:06:10 | INFO     | Train Loss: 0.6339, Val Loss: 1.3191
2025-05-08 21:06:10 | INFO     | Train Acc: 0.7644, Val Acc: 0.3756
2025-05-08 21:06:14 | INFO     | Epoch 38/100
2025-05-08 21:06:14 | INFO     | Train Loss: 0.6781, Val Loss: 1.2759
2025-05-08 21:06:14 | INFO     | Train Acc: 0.7549, Val Acc: 0.3665
2025-05-08 21:06:19 | INFO     | Epoch 39/100
2025-05-08 21:06:19 | INFO     | Train Loss: 0.6570, Val Loss: 1.3208
2025-05-08 21:06:19 | INFO     | Train Acc: 0.7716, Val Acc: 0.3801
2025-05-08 21:06:23 | INFO     | Epoch 40/100
2025-05-08 21:06:23 | INFO     | Train Loss: 0.6115, Val Loss: 1.4218
2025-05-08 21:06:23 | INFO     | Train Acc: 0.7665, Val Acc: 0.4072
2025-05-08 21:06:27 | INFO     | Epoch 41/100
2025-05-08 21:06:27 | INFO     | Train Loss: 0.6514, Val Loss: 1.3818
2025-05-08 21:06:27 | INFO     | Train Acc: 0.7695, Val Acc: 0.3846
2025-05-08 21:06:31 | INFO     | Epoch 42/100
2025-05-08 21:06:31 | INFO     | Train Loss: 0.7035, Val Loss: 1.4178
2025-05-08 21:06:31 | INFO     | Train Acc: 0.7585, Val Acc: 0.3891
2025-05-08 21:06:36 | INFO     | Epoch 43/100
2025-05-08 21:06:36 | INFO     | Train Loss: 0.5837, Val Loss: 1.3394
2025-05-08 21:06:36 | INFO     | Train Acc: 0.7862, Val Acc: 0.3620
2025-05-08 21:06:40 | INFO     | Epoch 44/100
2025-05-08 21:06:40 | INFO     | Train Loss: 0.6390, Val Loss: 1.3295
2025-05-08 21:06:40 | INFO     | Train Acc: 0.7651, Val Acc: 0.3846
2025-05-08 21:06:44 | INFO     | Epoch 45/100
2025-05-08 21:06:44 | INFO     | Train Loss: 0.6680, Val Loss: 1.3797
2025-05-08 21:06:44 | INFO     | Train Acc: 0.7687, Val Acc: 0.3620
2025-05-08 21:06:48 | INFO     | Epoch 46/100
2025-05-08 21:06:48 | INFO     | Train Loss: 0.6490, Val Loss: 1.4264
2025-05-08 21:06:48 | INFO     | Train Acc: 0.7651, Val Acc: 0.3756
2025-05-08 21:06:53 | INFO     | Epoch 47/100
2025-05-08 21:06:53 | INFO     | Train Loss: 0.6307, Val Loss: 1.3707
2025-05-08 21:06:53 | INFO     | Train Acc: 0.7476, Val Acc: 0.3620
2025-05-08 21:06:57 | INFO     | Epoch 48/100
2025-05-08 21:06:57 | INFO     | Train Loss: 0.6022, Val Loss: 1.3272
2025-05-08 21:06:57 | INFO     | Train Acc: 0.7840, Val Acc: 0.3710
2025-05-08 21:07:02 | INFO     | Epoch 49/100
2025-05-08 21:07:02 | INFO     | Train Loss: 0.6650, Val Loss: 1.3049
2025-05-08 21:07:02 | INFO     | Train Acc: 0.7549, Val Acc: 0.3756
2025-05-08 21:07:06 | INFO     | Epoch 50/100
2025-05-08 21:07:06 | INFO     | Train Loss: 0.6279, Val Loss: 1.3796
2025-05-08 21:07:06 | INFO     | Train Acc: 0.7796, Val Acc: 0.3801
2025-05-08 21:07:10 | INFO     | Epoch 51/100
2025-05-08 21:07:10 | INFO     | Train Loss: 0.6374, Val Loss: 1.3828
2025-05-08 21:07:10 | INFO     | Train Acc: 0.7593, Val Acc: 0.4118
2025-05-08 21:07:10 | WARNING  | Early stopping triggered.
2025-05-08 21:07:10 | SUCCESS  | Final model saved to ../outputs/models/deep_ml/TJM3_FINAL_20250508_210710.pt
2025-05-08 21:07:10 | SUCCESS  | Training history saved to ../outputs/utils/deep_ml/training_history_csv_files/training_history_20250508_210710.csv
2025-05-08 21:07:11 | INFO     | Test Accuracy: 0.4950
2025-05-08 21:07:11 | INFO     | Test Precision: 0.4935
2025-05-08 21:07:11 | INFO     | Test Recall: 0.7600
2025-05-08 21:07:11 | INFO     | Test F1 Score: 0.5984
2025-05-08 21:07:11 | INFO     | 
Classification Report:
2025-05-08 21:07:11 | INFO     | 
              precision    recall  f1-score   support

           0       0.50      0.24      0.32       204
           1       0.49      0.76      0.60       200

    accuracy                           0.50       404
   macro avg       0.50      0.50      0.46       404
weighted avg       0.50      0.50      0.46       404

2025-05-08 21:07:11 | INFO     | 
Confusion Matrix:
2025-05-08 21:07:11 | INFO     | 
[[ 48 156]
 [ 48 152]]
2025-05-08 21:07:11 | INFO     | 
Some individual test predictions:

2025-05-08 21:07:11 | INFO     | ZC0841.png                     true=0 pred=1 prob=0.984
2025-05-08 21:07:11 | INFO     | c0261.png                      true=1 pred=1 prob=0.959
2025-05-08 21:07:11 | INFO     | ZB1119.png                     true=0 pred=1 prob=0.528
2025-05-08 21:07:11 | INFO     | F0252.png                      true=0 pred=1 prob=0.943
2025-05-08 21:07:11 | INFO     | ZC0926.png                     true=0 pred=1 prob=0.917
