2025-05-08 20:52:32 | INFO     | Cleared existing output directory: ../inputs/datasets/processed
2025-05-08 20:52:33 | SUCCESS  | Split Complete
2025-05-08 20:52:33 | INFO     | Unique IDs in 'train': ['A', 'E', 'F', 'G', 'H', 'I', 'J', 'L', 'M', 'N', 'O', 'P', 'Q', 'V', 'W', 'X', 'Y', 'ZA', 'ZC']
2025-05-08 20:52:33 | INFO     | Unique IDs in 'validation': ['D', 'R', 'T', 'ZB']
2025-05-08 20:52:33 | INFO     | Unique IDs in 'test': ['B', 'C', 'K', 'S', 'U']
2025-05-08 20:52:33 | INFO     | Train samples: 1496
2025-05-08 20:52:33 | INFO     | Val samples: 288
2025-05-08 20:52:33 | INFO     | Test samples: 216
2025-05-08 20:52:33 | INFO     | Train batch shape: torch.Size([32, 1, 56, 224])
2025-05-08 20:52:33 | INFO     | Train batch shape: torch.Size([32, 1, 56, 224])
2025-05-08 20:52:33 | INFO     | Val batch shape: torch.Size([32, 1, 56, 224])
2025-05-08 20:52:33 | INFO     | Test batch shape: torch.Size([32, 1, 56, 224])
2025-05-08 20:52:33 | INFO     | Using device: cpu
2025-05-08 20:52:39 | INFO     | Epoch 1/50
2025-05-08 20:52:39 | INFO     | Train Loss: 3.1158, Val Loss: 1.0223
2025-05-08 20:52:39 | INFO     | Train Acc: 0.5227, Val Acc: 0.4722
2025-05-08 20:52:39 | SUCCESS  | Best model saved.
2025-05-08 20:52:45 | INFO     | Epoch 2/50
2025-05-08 20:52:45 | INFO     | Train Loss: 2.5565, Val Loss: 0.8489
2025-05-08 20:52:45 | INFO     | Train Acc: 0.5281, Val Acc: 0.4549
2025-05-08 20:52:45 | SUCCESS  | Best model saved.
2025-05-08 20:52:49 | INFO     | Epoch 3/50
2025-05-08 20:52:49 | INFO     | Train Loss: 2.2327, Val Loss: 0.7533
2025-05-08 20:52:49 | INFO     | Train Acc: 0.5769, Val Acc: 0.5139
2025-05-08 20:52:49 | SUCCESS  | Best model saved.
2025-05-08 20:52:54 | INFO     | Epoch 4/50
2025-05-08 20:52:54 | INFO     | Train Loss: 2.0594, Val Loss: 0.6897
2025-05-08 20:52:54 | INFO     | Train Acc: 0.5595, Val Acc: 0.5382
2025-05-08 20:52:54 | SUCCESS  | Best model saved.
2025-05-08 20:52:59 | INFO     | Epoch 5/50
2025-05-08 20:52:59 | INFO     | Train Loss: 2.2567, Val Loss: 0.7684
2025-05-08 20:52:59 | INFO     | Train Acc: 0.5495, Val Acc: 0.4688
2025-05-08 20:53:04 | INFO     | Epoch 6/50
2025-05-08 20:53:04 | INFO     | Train Loss: 1.7064, Val Loss: 0.6969
2025-05-08 20:53:04 | INFO     | Train Acc: 0.5836, Val Acc: 0.5000
2025-05-08 20:53:09 | INFO     | Epoch 7/50
2025-05-08 20:53:09 | INFO     | Train Loss: 1.7983, Val Loss: 0.6800
2025-05-08 20:53:09 | INFO     | Train Acc: 0.5956, Val Acc: 0.4826
2025-05-08 20:53:09 | SUCCESS  | Best model saved.
2025-05-08 20:53:14 | INFO     | Epoch 8/50
2025-05-08 20:53:14 | INFO     | Train Loss: 1.3752, Val Loss: 0.6767
2025-05-08 20:53:14 | INFO     | Train Acc: 0.6123, Val Acc: 0.5382
2025-05-08 20:53:14 | SUCCESS  | Best model saved.
2025-05-08 20:53:19 | INFO     | Epoch 9/50
2025-05-08 20:53:19 | INFO     | Train Loss: 1.4742, Val Loss: 0.7296
2025-05-08 20:53:19 | INFO     | Train Acc: 0.6076, Val Acc: 0.3090
2025-05-08 20:53:24 | INFO     | Epoch 10/50
2025-05-08 20:53:24 | INFO     | Train Loss: 1.4999, Val Loss: 0.6718
2025-05-08 20:53:24 | INFO     | Train Acc: 0.5889, Val Acc: 0.6076
2025-05-08 20:53:24 | SUCCESS  | Best model saved.
2025-05-08 20:53:28 | INFO     | Epoch 11/50
2025-05-08 20:53:28 | INFO     | Train Loss: 1.1644, Val Loss: 0.6664
2025-05-08 20:53:28 | INFO     | Train Acc: 0.6110, Val Acc: 0.6285
2025-05-08 20:53:28 | SUCCESS  | Best model saved.
2025-05-08 20:53:33 | INFO     | Epoch 12/50
2025-05-08 20:53:33 | INFO     | Train Loss: 1.1189, Val Loss: 0.7044
2025-05-08 20:53:33 | INFO     | Train Acc: 0.6511, Val Acc: 0.4826
2025-05-08 20:53:38 | INFO     | Epoch 13/50
2025-05-08 20:53:38 | INFO     | Train Loss: 1.2323, Val Loss: 0.6913
2025-05-08 20:53:38 | INFO     | Train Acc: 0.6217, Val Acc: 0.5556
2025-05-08 20:53:43 | INFO     | Epoch 14/50
2025-05-08 20:53:43 | INFO     | Train Loss: 1.1134, Val Loss: 0.6844
2025-05-08 20:53:43 | INFO     | Train Acc: 0.6410, Val Acc: 0.5417
2025-05-08 20:53:47 | INFO     | Epoch 15/50
2025-05-08 20:53:47 | INFO     | Train Loss: 0.9297, Val Loss: 0.7000
2025-05-08 20:53:47 | INFO     | Train Acc: 0.6725, Val Acc: 0.4792
2025-05-08 20:53:52 | INFO     | Epoch 16/50
2025-05-08 20:53:52 | INFO     | Train Loss: 0.9148, Val Loss: 0.6702
2025-05-08 20:53:52 | INFO     | Train Acc: 0.6878, Val Acc: 0.5694
2025-05-08 20:53:57 | INFO     | Epoch 17/50
2025-05-08 20:53:57 | INFO     | Train Loss: 0.8567, Val Loss: 0.6764
2025-05-08 20:53:57 | INFO     | Train Acc: 0.6798, Val Acc: 0.5903
2025-05-08 20:54:02 | INFO     | Epoch 18/50
2025-05-08 20:54:02 | INFO     | Train Loss: 0.7738, Val Loss: 0.6614
2025-05-08 20:54:02 | INFO     | Train Acc: 0.7079, Val Acc: 0.6285
2025-05-08 20:54:02 | SUCCESS  | Best model saved.
2025-05-08 20:54:06 | INFO     | Epoch 19/50
2025-05-08 20:54:06 | INFO     | Train Loss: 0.7921, Val Loss: 0.6527
2025-05-08 20:54:06 | INFO     | Train Acc: 0.7126, Val Acc: 0.6285
2025-05-08 20:54:06 | SUCCESS  | Best model saved.
2025-05-08 20:54:11 | INFO     | Epoch 20/50
2025-05-08 20:54:11 | INFO     | Train Loss: 0.7353, Val Loss: 0.6502
2025-05-08 20:54:11 | INFO     | Train Acc: 0.7079, Val Acc: 0.6493
2025-05-08 20:54:11 | SUCCESS  | Best model saved.
2025-05-08 20:54:18 | INFO     | Epoch 21/50
2025-05-08 20:54:18 | INFO     | Train Loss: 0.8469, Val Loss: 0.6582
2025-05-08 20:54:18 | INFO     | Train Acc: 0.7126, Val Acc: 0.6215
2025-05-08 20:54:23 | INFO     | Epoch 22/50
2025-05-08 20:54:23 | INFO     | Train Loss: 0.7953, Val Loss: 0.6416
2025-05-08 20:54:23 | INFO     | Train Acc: 0.7066, Val Acc: 0.6181
2025-05-08 20:54:23 | SUCCESS  | Best model saved.
2025-05-08 20:54:28 | INFO     | Epoch 23/50
2025-05-08 20:54:28 | INFO     | Train Loss: 0.7280, Val Loss: 0.6547
2025-05-08 20:54:28 | INFO     | Train Acc: 0.7253, Val Acc: 0.6250
2025-05-08 20:54:32 | INFO     | Epoch 24/50
2025-05-08 20:54:32 | INFO     | Train Loss: 0.8570, Val Loss: 0.6479
2025-05-08 20:54:32 | INFO     | Train Acc: 0.7293, Val Acc: 0.6111
2025-05-08 20:54:37 | INFO     | Epoch 25/50
2025-05-08 20:54:37 | INFO     | Train Loss: 0.7821, Val Loss: 0.6495
2025-05-08 20:54:37 | INFO     | Train Acc: 0.7206, Val Acc: 0.6632
2025-05-08 20:54:42 | INFO     | Epoch 26/50
2025-05-08 20:54:42 | INFO     | Train Loss: 0.7037, Val Loss: 0.6555
2025-05-08 20:54:42 | INFO     | Train Acc: 0.7393, Val Acc: 0.6285
2025-05-08 20:54:47 | INFO     | Epoch 27/50
2025-05-08 20:54:47 | INFO     | Train Loss: 0.6430, Val Loss: 0.6394
2025-05-08 20:54:47 | INFO     | Train Acc: 0.7360, Val Acc: 0.6562
2025-05-08 20:54:47 | SUCCESS  | Best model saved.
2025-05-08 20:54:52 | INFO     | Epoch 28/50
2025-05-08 20:54:52 | INFO     | Train Loss: 0.7832, Val Loss: 0.6528
2025-05-08 20:54:52 | INFO     | Train Acc: 0.7172, Val Acc: 0.6597
2025-05-08 20:54:56 | INFO     | Epoch 29/50
2025-05-08 20:54:56 | INFO     | Train Loss: 0.7239, Val Loss: 0.6516
2025-05-08 20:54:56 | INFO     | Train Acc: 0.7480, Val Acc: 0.6250
2025-05-08 20:55:01 | INFO     | Epoch 30/50
2025-05-08 20:55:01 | INFO     | Train Loss: 0.8001, Val Loss: 0.6458
2025-05-08 20:55:01 | INFO     | Train Acc: 0.7012, Val Acc: 0.6285
2025-05-08 20:55:06 | INFO     | Epoch 31/50
2025-05-08 20:55:06 | INFO     | Train Loss: 0.6734, Val Loss: 0.6610
2025-05-08 20:55:06 | INFO     | Train Acc: 0.7313, Val Acc: 0.6111
2025-05-08 20:55:11 | INFO     | Epoch 32/50
2025-05-08 20:55:11 | INFO     | Train Loss: 0.7446, Val Loss: 0.6721
2025-05-08 20:55:11 | INFO     | Train Acc: 0.7139, Val Acc: 0.5868
2025-05-08 20:55:15 | INFO     | Epoch 33/50
2025-05-08 20:55:15 | INFO     | Train Loss: 0.7058, Val Loss: 0.6462
2025-05-08 20:55:15 | INFO     | Train Acc: 0.7286, Val Acc: 0.6007
2025-05-08 20:55:20 | INFO     | Epoch 34/50
2025-05-08 20:55:20 | INFO     | Train Loss: 0.7222, Val Loss: 0.6491
2025-05-08 20:55:20 | INFO     | Train Acc: 0.7219, Val Acc: 0.6076
2025-05-08 20:55:25 | INFO     | Epoch 35/50
2025-05-08 20:55:25 | INFO     | Train Loss: 0.7119, Val Loss: 0.6558
2025-05-08 20:55:25 | INFO     | Train Acc: 0.7346, Val Acc: 0.6111
2025-05-08 20:55:29 | INFO     | Epoch 36/50
2025-05-08 20:55:29 | INFO     | Train Loss: 0.7449, Val Loss: 0.6532
2025-05-08 20:55:29 | INFO     | Train Acc: 0.7139, Val Acc: 0.6458
2025-05-08 20:55:34 | INFO     | Epoch 37/50
2025-05-08 20:55:34 | INFO     | Train Loss: 0.7143, Val Loss: 0.6577
2025-05-08 20:55:34 | INFO     | Train Acc: 0.7400, Val Acc: 0.6632
2025-05-08 20:55:39 | INFO     | Epoch 38/50
2025-05-08 20:55:39 | INFO     | Train Loss: 0.7600, Val Loss: 0.6496
2025-05-08 20:55:39 | INFO     | Train Acc: 0.7025, Val Acc: 0.6285
2025-05-08 20:55:44 | INFO     | Epoch 39/50
2025-05-08 20:55:44 | INFO     | Train Loss: 0.7056, Val Loss: 0.6614
2025-05-08 20:55:44 | INFO     | Train Acc: 0.7373, Val Acc: 0.6181
2025-05-08 20:55:48 | INFO     | Epoch 40/50
2025-05-08 20:55:48 | INFO     | Train Loss: 0.7824, Val Loss: 0.6587
2025-05-08 20:55:48 | INFO     | Train Acc: 0.7299, Val Acc: 0.6111
2025-05-08 20:55:53 | INFO     | Epoch 41/50
2025-05-08 20:55:53 | INFO     | Train Loss: 0.7806, Val Loss: 0.6651
2025-05-08 20:55:53 | INFO     | Train Acc: 0.7440, Val Acc: 0.5903
2025-05-08 20:55:58 | INFO     | Epoch 42/50
2025-05-08 20:55:58 | INFO     | Train Loss: 0.7231, Val Loss: 0.6542
2025-05-08 20:55:58 | INFO     | Train Acc: 0.7360, Val Acc: 0.6250
2025-05-08 20:56:03 | INFO     | Epoch 43/50
2025-05-08 20:56:03 | INFO     | Train Loss: 0.6914, Val Loss: 0.6510
2025-05-08 20:56:03 | INFO     | Train Acc: 0.7320, Val Acc: 0.6076
2025-05-08 20:56:08 | INFO     | Epoch 44/50
2025-05-08 20:56:08 | INFO     | Train Loss: 0.8034, Val Loss: 0.6591
2025-05-08 20:56:08 | INFO     | Train Acc: 0.7213, Val Acc: 0.5764
2025-05-08 20:56:13 | INFO     | Epoch 45/50
2025-05-08 20:56:13 | INFO     | Train Loss: 0.6614, Val Loss: 0.6417
2025-05-08 20:56:13 | INFO     | Train Acc: 0.7433, Val Acc: 0.6493
2025-05-08 20:56:18 | INFO     | Epoch 46/50
2025-05-08 20:56:18 | INFO     | Train Loss: 0.6869, Val Loss: 0.6512
2025-05-08 20:56:18 | INFO     | Train Acc: 0.7480, Val Acc: 0.6076
2025-05-08 20:56:22 | INFO     | Epoch 47/50
2025-05-08 20:56:22 | INFO     | Train Loss: 0.7293, Val Loss: 0.6500
2025-05-08 20:56:22 | INFO     | Train Acc: 0.7386, Val Acc: 0.6181
2025-05-08 20:56:27 | INFO     | Epoch 48/50
2025-05-08 20:56:27 | INFO     | Train Loss: 0.7630, Val Loss: 0.6530
2025-05-08 20:56:27 | INFO     | Train Acc: 0.7366, Val Acc: 0.6146
2025-05-08 20:56:32 | INFO     | Epoch 49/50
2025-05-08 20:56:32 | INFO     | Train Loss: 0.7080, Val Loss: 0.6437
2025-05-08 20:56:32 | INFO     | Train Acc: 0.7406, Val Acc: 0.6250
2025-05-08 20:56:36 | INFO     | Epoch 50/50
2025-05-08 20:56:36 | INFO     | Train Loss: 0.6721, Val Loss: 0.6612
2025-05-08 20:56:36 | INFO     | Train Acc: 0.7527, Val Acc: 0.6111
2025-05-08 20:56:37 | SUCCESS  | Final model saved to ../outputs/models/deep_ml/TJM3_FINAL_20250508_205636.pt
2025-05-08 20:56:37 | SUCCESS  | Training history saved to ../outputs/utils/deep_ml/training_history_csv_files/training_history_20250508_205636.csv
2025-05-08 20:56:37 | INFO     | Test Accuracy: 0.6157
2025-05-08 20:56:37 | INFO     | Test Precision: 0.6023
2025-05-08 20:56:37 | INFO     | Test Recall: 0.8908
2025-05-08 20:56:37 | INFO     | Test F1 Score: 0.7186
2025-05-08 20:56:37 | INFO     | 
Classification Report:
2025-05-08 20:56:37 | INFO     | 
              precision    recall  f1-score   support

           0       0.68      0.28      0.39        97
           1       0.60      0.89      0.72       119

    accuracy                           0.62       216
   macro avg       0.64      0.58      0.56       216
weighted avg       0.63      0.62      0.57       216

2025-05-08 20:56:37 | INFO     | 
Confusion Matrix:
2025-05-08 20:56:37 | INFO     | 
[[ 27  70]
 [ 13 106]]
2025-05-08 20:56:37 | INFO     | 
Some individual test predictions:

2025-05-08 20:56:37 | INFO     | B0300.png                      true=0 pred=0 prob=0.389
2025-05-08 20:56:37 | INFO     | S0442.png                      true=0 pred=0 prob=0.012
2025-05-08 20:56:37 | INFO     | c0415.png                      true=1 pred=1 prob=0.570
2025-05-08 20:56:37 | INFO     | c0201.png                      true=1 pred=0 prob=0.207
2025-05-08 20:56:37 | INFO     | c0393.png                      true=1 pred=1 prob=0.826
2025-05-08 20:56:49 | INFO     | Test Accuracy: 0.6157
2025-05-08 20:56:49 | INFO     | Test Precision: 0.6023
2025-05-08 20:56:49 | INFO     | Test Recall: 0.8908
2025-05-08 20:56:49 | INFO     | Test F1 Score: 0.7186
2025-05-08 20:56:49 | INFO     | 
Classification Report:
2025-05-08 20:56:49 | INFO     | 
              precision    recall  f1-score   support

           0       0.68      0.28      0.39        97
           1       0.60      0.89      0.72       119

    accuracy                           0.62       216
   macro avg       0.64      0.58      0.56       216
weighted avg       0.63      0.62      0.57       216

2025-05-08 20:56:49 | INFO     | 
Confusion Matrix:
2025-05-08 20:56:49 | INFO     | 
[[ 27  70]
 [ 13 106]]
