2025-05-08 20:13:26 | SUCCESS  | Split Complete
2025-05-08 20:13:26 | INFO     | Train IDs: 19, Val IDs: 4, Test IDs: 5
2025-05-08 20:13:26 | INFO     | Train samples: 2000
2025-05-08 20:13:26 | INFO     | Val samples: 1040
2025-05-08 20:13:26 | INFO     | Test samples: 1250
2025-05-08 20:13:26 | INFO     | Train batch shape: torch.Size([32, 1, 56, 224])
2025-05-08 20:13:26 | INFO     | Train batch shape: torch.Size([32, 1, 56, 224])
2025-05-08 20:13:26 | INFO     | Val batch shape: torch.Size([32, 1, 56, 224])
2025-05-08 20:13:26 | INFO     | Test batch shape: torch.Size([32, 1, 56, 224])
2025-05-08 20:13:26 | INFO     | Using device: cpu
2025-05-08 20:13:46 | INFO     | Using device: cpu
2025-05-08 20:14:18 | INFO     | Using device: cpu
2025-05-08 20:14:30 | INFO     | Using device: cpu
2025-05-08 20:14:43 | INFO     | Epoch 1/50
2025-05-08 20:14:43 | INFO     | Train Loss: 2.7935, Val Loss: 0.4898
2025-05-08 20:14:43 | INFO     | Train Acc: 0.5355, Val Acc: 0.7481
2025-05-08 20:14:43 | SUCCESS  | Best model saved.
2025-05-08 20:14:52 | INFO     | Epoch 2/50
2025-05-08 20:14:52 | INFO     | Train Loss: 2.1924, Val Loss: 0.4559
2025-05-08 20:14:52 | INFO     | Train Acc: 0.5455, Val Acc: 0.7894
2025-05-08 20:14:52 | SUCCESS  | Best model saved.
2025-05-08 20:15:00 | INFO     | Epoch 3/50
2025-05-08 20:15:00 | INFO     | Train Loss: 1.8351, Val Loss: 0.4873
2025-05-08 20:15:00 | INFO     | Train Acc: 0.5545, Val Acc: 0.7702
2025-05-08 20:15:08 | INFO     | Epoch 4/50
2025-05-08 20:15:08 | INFO     | Train Loss: 1.5739, Val Loss: 0.4707
2025-05-08 20:15:08 | INFO     | Train Acc: 0.5760, Val Acc: 0.8096
2025-05-08 20:15:16 | INFO     | Epoch 5/50
2025-05-08 20:15:16 | INFO     | Train Loss: 1.4227, Val Loss: 0.4484
2025-05-08 20:15:16 | INFO     | Train Acc: 0.5800, Val Acc: 0.8154
2025-05-08 20:15:16 | SUCCESS  | Best model saved.
2025-05-08 20:15:24 | INFO     | Epoch 6/50
2025-05-08 20:15:24 | INFO     | Train Loss: 1.2006, Val Loss: 0.4172
2025-05-08 20:15:24 | INFO     | Train Acc: 0.6035, Val Acc: 0.8500
2025-05-08 20:15:24 | SUCCESS  | Best model saved.
2025-05-08 20:15:32 | INFO     | Epoch 7/50
2025-05-08 20:15:32 | INFO     | Train Loss: 1.2400, Val Loss: 0.3643
2025-05-08 20:15:32 | INFO     | Train Acc: 0.6025, Val Acc: 0.8865
2025-05-08 20:15:32 | SUCCESS  | Best model saved.
2025-05-08 20:15:40 | INFO     | Epoch 8/50
2025-05-08 20:15:40 | INFO     | Train Loss: 0.9556, Val Loss: 0.3652
2025-05-08 20:15:40 | INFO     | Train Acc: 0.6315, Val Acc: 0.9240
2025-05-08 20:15:49 | INFO     | Epoch 9/50
2025-05-08 20:15:49 | INFO     | Train Loss: 0.9637, Val Loss: 0.3855
2025-05-08 20:15:49 | INFO     | Train Acc: 0.6295, Val Acc: 0.8808
2025-05-08 20:15:57 | INFO     | Epoch 10/50
2025-05-08 20:15:57 | INFO     | Train Loss: 0.7790, Val Loss: 0.3641
2025-05-08 20:15:57 | INFO     | Train Acc: 0.6685, Val Acc: 0.9144
2025-05-08 20:15:57 | SUCCESS  | Best model saved.
2025-05-08 20:16:05 | INFO     | Epoch 11/50
2025-05-08 20:16:05 | INFO     | Train Loss: 0.6713, Val Loss: 0.3337
2025-05-08 20:16:05 | INFO     | Train Acc: 0.6895, Val Acc: 0.9288
2025-05-08 20:16:05 | SUCCESS  | Best model saved.
2025-05-08 20:16:13 | INFO     | Epoch 12/50
2025-05-08 20:16:13 | INFO     | Train Loss: 0.6485, Val Loss: 0.4076
2025-05-08 20:16:13 | INFO     | Train Acc: 0.7105, Val Acc: 0.8644
2025-05-08 20:16:22 | INFO     | Epoch 13/50
2025-05-08 20:16:22 | INFO     | Train Loss: 0.6383, Val Loss: 0.3900
2025-05-08 20:16:22 | INFO     | Train Acc: 0.7135, Val Acc: 0.8942
2025-05-08 20:16:30 | INFO     | Epoch 14/50
2025-05-08 20:16:30 | INFO     | Train Loss: 0.6269, Val Loss: 0.3366
2025-05-08 20:16:30 | INFO     | Train Acc: 0.7295, Val Acc: 0.9240
2025-05-08 20:16:39 | INFO     | Epoch 15/50
2025-05-08 20:16:39 | INFO     | Train Loss: 0.5846, Val Loss: 0.2891
2025-05-08 20:16:39 | INFO     | Train Acc: 0.7445, Val Acc: 0.9606
2025-05-08 20:16:39 | SUCCESS  | Best model saved.
2025-05-08 20:16:48 | INFO     | Epoch 16/50
2025-05-08 20:16:48 | INFO     | Train Loss: 0.5645, Val Loss: 0.2747
2025-05-08 20:16:48 | INFO     | Train Acc: 0.7520, Val Acc: 0.9423
2025-05-08 20:16:48 | SUCCESS  | Best model saved.
2025-05-08 20:16:56 | INFO     | Epoch 17/50
2025-05-08 20:16:56 | INFO     | Train Loss: 0.5132, Val Loss: 0.2774
2025-05-08 20:16:56 | INFO     | Train Acc: 0.7805, Val Acc: 0.9144
2025-05-08 20:17:05 | INFO     | Epoch 18/50
2025-05-08 20:17:05 | INFO     | Train Loss: 0.4846, Val Loss: 0.2788
2025-05-08 20:17:05 | INFO     | Train Acc: 0.7785, Val Acc: 0.9375
2025-05-08 20:17:15 | INFO     | Epoch 19/50
2025-05-08 20:17:15 | INFO     | Train Loss: 0.5209, Val Loss: 0.2332
2025-05-08 20:17:15 | INFO     | Train Acc: 0.7780, Val Acc: 0.9615
2025-05-08 20:17:15 | SUCCESS  | Best model saved.
2025-05-08 20:17:30 | INFO     | Epoch 20/50
2025-05-08 20:17:30 | INFO     | Train Loss: 0.5040, Val Loss: 0.2483
2025-05-08 20:17:30 | INFO     | Train Acc: 0.7845, Val Acc: 0.9529
2025-05-08 20:17:41 | INFO     | Epoch 21/50
2025-05-08 20:17:41 | INFO     | Train Loss: 0.4481, Val Loss: 0.2016
2025-05-08 20:17:41 | INFO     | Train Acc: 0.8090, Val Acc: 0.9538
2025-05-08 20:17:41 | SUCCESS  | Best model saved.
2025-05-08 20:17:52 | INFO     | Epoch 22/50
2025-05-08 20:17:52 | INFO     | Train Loss: 0.4319, Val Loss: 0.1885
2025-05-08 20:17:52 | INFO     | Train Acc: 0.8065, Val Acc: 0.9635
2025-05-08 20:17:52 | SUCCESS  | Best model saved.
2025-05-08 20:18:03 | INFO     | Epoch 23/50
2025-05-08 20:18:03 | INFO     | Train Loss: 0.4144, Val Loss: 0.2133
2025-05-08 20:18:03 | INFO     | Train Acc: 0.8095, Val Acc: 0.9558
2025-05-08 20:18:13 | INFO     | Epoch 24/50
2025-05-08 20:18:13 | INFO     | Train Loss: 0.4029, Val Loss: 0.1431
2025-05-08 20:18:13 | INFO     | Train Acc: 0.8285, Val Acc: 0.9712
2025-05-08 20:18:13 | SUCCESS  | Best model saved.
2025-05-08 20:18:22 | INFO     | Epoch 25/50
2025-05-08 20:18:22 | INFO     | Train Loss: 0.3880, Val Loss: 0.1475
2025-05-08 20:18:22 | INFO     | Train Acc: 0.8330, Val Acc: 0.9779
2025-05-08 20:18:31 | INFO     | Epoch 26/50
2025-05-08 20:18:31 | INFO     | Train Loss: 0.3897, Val Loss: 0.1450
2025-05-08 20:18:31 | INFO     | Train Acc: 0.8350, Val Acc: 0.9779
2025-05-08 20:18:40 | INFO     | Epoch 27/50
2025-05-08 20:18:40 | INFO     | Train Loss: 0.4058, Val Loss: 0.1449
2025-05-08 20:18:40 | INFO     | Train Acc: 0.8315, Val Acc: 0.9635
2025-05-08 20:18:48 | INFO     | Epoch 28/50
2025-05-08 20:18:48 | INFO     | Train Loss: 0.3817, Val Loss: 0.1421
2025-05-08 20:18:48 | INFO     | Train Acc: 0.8245, Val Acc: 0.9731
2025-05-08 20:18:48 | SUCCESS  | Best model saved.
2025-05-08 20:18:57 | INFO     | Epoch 29/50
2025-05-08 20:18:57 | INFO     | Train Loss: 0.3579, Val Loss: 0.1270
2025-05-08 20:18:57 | INFO     | Train Acc: 0.8460, Val Acc: 0.9779
2025-05-08 20:18:57 | SUCCESS  | Best model saved.
2025-05-08 20:19:05 | INFO     | Epoch 30/50
2025-05-08 20:19:05 | INFO     | Train Loss: 0.3401, Val Loss: 0.1024
2025-05-08 20:19:05 | INFO     | Train Acc: 0.8540, Val Acc: 0.9721
2025-05-08 20:19:05 | SUCCESS  | Best model saved.
2025-05-08 20:19:14 | INFO     | Epoch 31/50
2025-05-08 20:19:14 | INFO     | Train Loss: 0.3068, Val Loss: 0.0863
2025-05-08 20:19:14 | INFO     | Train Acc: 0.8695, Val Acc: 0.9817
2025-05-08 20:19:14 | SUCCESS  | Best model saved.
2025-05-08 20:19:22 | INFO     | Epoch 32/50
2025-05-08 20:19:22 | INFO     | Train Loss: 0.3183, Val Loss: 0.1040
2025-05-08 20:19:22 | INFO     | Train Acc: 0.8615, Val Acc: 0.9837
2025-05-08 20:19:30 | INFO     | Epoch 33/50
2025-05-08 20:19:30 | INFO     | Train Loss: 0.3029, Val Loss: 0.0698
2025-05-08 20:19:30 | INFO     | Train Acc: 0.8640, Val Acc: 0.9913
2025-05-08 20:19:30 | SUCCESS  | Best model saved.
2025-05-08 20:19:38 | INFO     | Epoch 34/50
2025-05-08 20:19:38 | INFO     | Train Loss: 0.3010, Val Loss: 0.0868
2025-05-08 20:19:38 | INFO     | Train Acc: 0.8675, Val Acc: 0.9769
2025-05-08 20:19:46 | INFO     | Epoch 35/50
2025-05-08 20:19:46 | INFO     | Train Loss: 0.2700, Val Loss: 0.0757
2025-05-08 20:19:46 | INFO     | Train Acc: 0.8840, Val Acc: 0.9817
2025-05-08 20:19:55 | INFO     | Epoch 36/50
2025-05-08 20:19:55 | INFO     | Train Loss: 0.2835, Val Loss: 0.0606
2025-05-08 20:19:55 | INFO     | Train Acc: 0.8825, Val Acc: 0.9933
2025-05-08 20:19:55 | SUCCESS  | Best model saved.
2025-05-08 20:20:03 | INFO     | Epoch 37/50
2025-05-08 20:20:03 | INFO     | Train Loss: 0.2879, Val Loss: 0.0628
2025-05-08 20:20:03 | INFO     | Train Acc: 0.8860, Val Acc: 0.9952
2025-05-08 20:20:11 | INFO     | Epoch 38/50
2025-05-08 20:20:11 | INFO     | Train Loss: 0.2634, Val Loss: 0.0731
2025-05-08 20:20:11 | INFO     | Train Acc: 0.8940, Val Acc: 0.9837
2025-05-08 20:20:20 | INFO     | Epoch 39/50
2025-05-08 20:20:20 | INFO     | Train Loss: 0.2642, Val Loss: 0.0511
2025-05-08 20:20:20 | INFO     | Train Acc: 0.8880, Val Acc: 0.9923
2025-05-08 20:20:20 | SUCCESS  | Best model saved.
2025-05-08 20:20:29 | INFO     | Epoch 40/50
2025-05-08 20:20:29 | INFO     | Train Loss: 0.2606, Val Loss: 0.0581
2025-05-08 20:20:29 | INFO     | Train Acc: 0.8990, Val Acc: 0.9933
2025-05-08 20:20:37 | INFO     | Epoch 41/50
2025-05-08 20:20:37 | INFO     | Train Loss: 0.2424, Val Loss: 0.0353
2025-05-08 20:20:37 | INFO     | Train Acc: 0.8990, Val Acc: 0.9971
2025-05-08 20:20:37 | SUCCESS  | Best model saved.
2025-05-08 20:20:46 | INFO     | Epoch 42/50
2025-05-08 20:20:46 | INFO     | Train Loss: 0.2473, Val Loss: 0.0386
2025-05-08 20:20:46 | INFO     | Train Acc: 0.9010, Val Acc: 0.9933
2025-05-08 20:20:54 | INFO     | Epoch 43/50
2025-05-08 20:20:54 | INFO     | Train Loss: 0.2386, Val Loss: 0.0339
2025-05-08 20:20:54 | INFO     | Train Acc: 0.8950, Val Acc: 0.9962
2025-05-08 20:20:54 | SUCCESS  | Best model saved.
2025-05-08 20:21:03 | INFO     | Epoch 44/50
2025-05-08 20:21:03 | INFO     | Train Loss: 0.2569, Val Loss: 0.0400
2025-05-08 20:21:03 | INFO     | Train Acc: 0.8880, Val Acc: 0.9952
2025-05-08 20:21:12 | INFO     | Epoch 45/50
2025-05-08 20:21:12 | INFO     | Train Loss: 0.2362, Val Loss: 0.0293
2025-05-08 20:21:12 | INFO     | Train Acc: 0.9020, Val Acc: 0.9942
2025-05-08 20:21:12 | SUCCESS  | Best model saved.
2025-05-08 20:21:20 | INFO     | Epoch 46/50
2025-05-08 20:21:20 | INFO     | Train Loss: 0.2409, Val Loss: 0.0449
2025-05-08 20:21:20 | INFO     | Train Acc: 0.9075, Val Acc: 0.9913
2025-05-08 20:21:29 | INFO     | Epoch 47/50
2025-05-08 20:21:29 | INFO     | Train Loss: 0.2236, Val Loss: 0.0397
2025-05-08 20:21:29 | INFO     | Train Acc: 0.9005, Val Acc: 0.9971
2025-05-08 20:21:37 | INFO     | Epoch 48/50
2025-05-08 20:21:37 | INFO     | Train Loss: 0.2016, Val Loss: 0.0283
2025-05-08 20:21:37 | INFO     | Train Acc: 0.9165, Val Acc: 0.9952
2025-05-08 20:21:37 | SUCCESS  | Best model saved.
2025-05-08 20:21:46 | INFO     | Epoch 49/50
2025-05-08 20:21:46 | INFO     | Train Loss: 0.2072, Val Loss: 0.0250
2025-05-08 20:21:46 | INFO     | Train Acc: 0.9130, Val Acc: 0.9971
2025-05-08 20:21:46 | SUCCESS  | Best model saved.
2025-05-08 20:21:55 | INFO     | Epoch 50/50
2025-05-08 20:21:55 | INFO     | Train Loss: 0.2291, Val Loss: 0.0181
2025-05-08 20:21:55 | INFO     | Train Acc: 0.9040, Val Acc: 0.9981
2025-05-08 20:21:55 | SUCCESS  | Best model saved.
2025-05-08 20:21:55 | SUCCESS  | Final model saved to ../outputs/models/deep_ml/TJM3_FINAL_20250508_202155.pt
2025-05-08 20:21:55 | SUCCESS  | Training history saved to ../outputs/utils/deep_ml/training_history_csv_files/training_history_20250508_202155.csv
2025-05-08 20:21:58 | INFO     | Test Accuracy: 0.9984
2025-05-08 20:21:58 | INFO     | Test Precision: 0.9968
2025-05-08 20:21:58 | INFO     | Test Recall: 1.0000
2025-05-08 20:21:58 | INFO     | Test F1 Score: 0.9984
2025-05-08 20:21:58 | INFO     | 
Classification Report:
2025-05-08 20:21:58 | INFO     | 
              precision    recall  f1-score   support

           0       1.00      1.00      1.00       627
           1       1.00      1.00      1.00       623

    accuracy                           1.00      1250
   macro avg       1.00      1.00      1.00      1250
weighted avg       1.00      1.00      1.00      1250

2025-05-08 20:21:58 | INFO     | 
Confusion Matrix:
2025-05-08 20:21:58 | INFO     | 
[[625   2]
 [  0 623]]
2025-05-08 20:22:00 | INFO     | 
Some individual test predictions:

2025-05-08 20:22:00 | INFO     | i0460.png                      true=1 pred=1 prob=0.978
2025-05-08 20:22:00 | INFO     | zb0108.png                     true=1 pred=1 prob=0.997
2025-05-08 20:22:00 | INFO     | w0752.png                      true=1 pred=1 prob=0.979
2025-05-08 20:22:00 | INFO     | M0149.png                      true=0 pred=0 prob=0.002
2025-05-08 20:22:00 | INFO     | k0160.png                      true=1 pred=1 prob=0.995
2025-05-08 20:32:51 | INFO     | Epoch 1/50
2025-05-08 20:32:51 | INFO     | Train Loss: 0.2469, Val Loss: 0.0232
2025-05-08 20:32:51 | INFO     | Train Acc: 0.9095, Val Acc: 0.9981
2025-05-08 20:32:51 | SUCCESS  | Best model saved.
2025-05-08 20:33:01 | INFO     | Epoch 2/50
2025-05-08 20:33:01 | INFO     | Train Loss: 0.2119, Val Loss: 0.0214
2025-05-08 20:33:01 | INFO     | Train Acc: 0.9130, Val Acc: 0.9962
2025-05-08 20:33:01 | SUCCESS  | Best model saved.
2025-05-08 20:33:11 | INFO     | Epoch 3/50
2025-05-08 20:33:11 | INFO     | Train Loss: 0.2306, Val Loss: 0.0157
2025-05-08 20:33:11 | INFO     | Train Acc: 0.9085, Val Acc: 0.9962
2025-05-08 20:33:11 | SUCCESS  | Best model saved.
2025-05-08 20:33:21 | INFO     | Epoch 4/50
2025-05-08 20:33:21 | INFO     | Train Loss: 0.1820, Val Loss: 0.0144
2025-05-08 20:33:21 | INFO     | Train Acc: 0.9225, Val Acc: 0.9990
2025-05-08 20:33:22 | SUCCESS  | Best model saved.
2025-05-08 20:33:32 | INFO     | Epoch 5/50
2025-05-08 20:33:32 | INFO     | Train Loss: 0.1886, Val Loss: 0.0206
2025-05-08 20:33:32 | INFO     | Train Acc: 0.9295, Val Acc: 0.9971
2025-05-08 20:33:43 | INFO     | Epoch 6/50
2025-05-08 20:33:43 | INFO     | Train Loss: 0.1823, Val Loss: 0.0172
2025-05-08 20:33:43 | INFO     | Train Acc: 0.9255, Val Acc: 0.9971
2025-05-08 20:33:53 | INFO     | Epoch 7/50
2025-05-08 20:33:53 | INFO     | Train Loss: 0.1946, Val Loss: 0.0154
2025-05-08 20:33:53 | INFO     | Train Acc: 0.9155, Val Acc: 0.9990
2025-05-08 20:34:03 | INFO     | Epoch 8/50
2025-05-08 20:34:03 | INFO     | Train Loss: 0.1846, Val Loss: 0.0149
2025-05-08 20:34:03 | INFO     | Train Acc: 0.9245, Val Acc: 0.9971
2025-05-08 20:34:14 | INFO     | Epoch 9/50
2025-05-08 20:34:14 | INFO     | Train Loss: 0.1675, Val Loss: 0.0103
2025-05-08 20:34:14 | INFO     | Train Acc: 0.9380, Val Acc: 0.9990
2025-05-08 20:34:14 | SUCCESS  | Best model saved.
2025-05-08 20:34:24 | INFO     | Epoch 10/50
2025-05-08 20:34:24 | INFO     | Train Loss: 0.1856, Val Loss: 0.0153
2025-05-08 20:34:24 | INFO     | Train Acc: 0.9295, Val Acc: 0.9971
2025-05-08 20:34:34 | INFO     | Epoch 11/50
2025-05-08 20:34:34 | INFO     | Train Loss: 0.1688, Val Loss: 0.0128
2025-05-08 20:34:34 | INFO     | Train Acc: 0.9295, Val Acc: 0.9990
2025-05-08 20:34:44 | INFO     | Epoch 12/50
2025-05-08 20:34:44 | INFO     | Train Loss: 0.1759, Val Loss: 0.0151
2025-05-08 20:34:44 | INFO     | Train Acc: 0.9350, Val Acc: 0.9971
2025-05-08 20:34:54 | INFO     | Epoch 13/50
2025-05-08 20:34:54 | INFO     | Train Loss: 0.1806, Val Loss: 0.0096
2025-05-08 20:34:54 | INFO     | Train Acc: 0.9295, Val Acc: 1.0000
2025-05-08 20:34:54 | SUCCESS  | Best model saved.
2025-05-08 20:35:04 | INFO     | Epoch 14/50
2025-05-08 20:35:04 | INFO     | Train Loss: 0.1680, Val Loss: 0.0108
2025-05-08 20:35:04 | INFO     | Train Acc: 0.9415, Val Acc: 0.9981
2025-05-08 20:35:14 | INFO     | Epoch 15/50
2025-05-08 20:35:14 | INFO     | Train Loss: 0.1742, Val Loss: 0.0181
2025-05-08 20:35:14 | INFO     | Train Acc: 0.9275, Val Acc: 0.9952
2025-05-08 20:35:24 | INFO     | Epoch 16/50
2025-05-08 20:35:24 | INFO     | Train Loss: 0.1697, Val Loss: 0.0097
2025-05-08 20:35:24 | INFO     | Train Acc: 0.9310, Val Acc: 1.0000
2025-05-08 20:35:34 | INFO     | Epoch 17/50
2025-05-08 20:35:34 | INFO     | Train Loss: 0.1571, Val Loss: 0.0124
2025-05-08 20:35:34 | INFO     | Train Acc: 0.9385, Val Acc: 0.9990
2025-05-08 20:35:45 | INFO     | Epoch 18/50
2025-05-08 20:35:45 | INFO     | Train Loss: 0.1406, Val Loss: 0.0061
2025-05-08 20:35:45 | INFO     | Train Acc: 0.9420, Val Acc: 1.0000
2025-05-08 20:35:45 | SUCCESS  | Best model saved.
2025-05-08 20:35:55 | INFO     | Epoch 19/50
2025-05-08 20:35:55 | INFO     | Train Loss: 0.1304, Val Loss: 0.0108
2025-05-08 20:35:55 | INFO     | Train Acc: 0.9485, Val Acc: 0.9990
2025-05-08 20:36:04 | INFO     | Epoch 20/50
2025-05-08 20:36:04 | INFO     | Train Loss: 0.1350, Val Loss: 0.0059
2025-05-08 20:36:04 | INFO     | Train Acc: 0.9495, Val Acc: 0.9990
2025-05-08 20:36:04 | SUCCESS  | Best model saved.
2025-05-08 20:36:13 | INFO     | Epoch 21/50
2025-05-08 20:36:13 | INFO     | Train Loss: 0.1333, Val Loss: 0.0058
2025-05-08 20:36:13 | INFO     | Train Acc: 0.9485, Val Acc: 0.9990
2025-05-08 20:36:13 | SUCCESS  | Best model saved.
2025-05-08 20:36:22 | INFO     | Epoch 22/50
2025-05-08 20:36:22 | INFO     | Train Loss: 0.1318, Val Loss: 0.0069
2025-05-08 20:36:22 | INFO     | Train Acc: 0.9435, Val Acc: 0.9990
2025-05-08 20:36:30 | INFO     | Epoch 23/50
2025-05-08 20:36:30 | INFO     | Train Loss: 0.1404, Val Loss: 0.0085
2025-05-08 20:36:30 | INFO     | Train Acc: 0.9485, Val Acc: 0.9990
2025-05-08 20:36:39 | INFO     | Epoch 24/50
2025-05-08 20:36:39 | INFO     | Train Loss: 0.1363, Val Loss: 0.0071
2025-05-08 20:36:39 | INFO     | Train Acc: 0.9515, Val Acc: 0.9962
2025-05-08 20:36:47 | INFO     | Epoch 25/50
2025-05-08 20:36:47 | INFO     | Train Loss: 0.1525, Val Loss: 0.0104
2025-05-08 20:36:47 | INFO     | Train Acc: 0.9425, Val Acc: 0.9981
2025-05-08 20:36:55 | INFO     | Epoch 26/50
2025-05-08 20:36:55 | INFO     | Train Loss: 0.1462, Val Loss: 0.0045
2025-05-08 20:36:55 | INFO     | Train Acc: 0.9515, Val Acc: 0.9990
2025-05-08 20:36:55 | SUCCESS  | Best model saved.
2025-05-08 20:37:03 | INFO     | Epoch 27/50
2025-05-08 20:37:03 | INFO     | Train Loss: 0.1479, Val Loss: 0.0114
2025-05-08 20:37:03 | INFO     | Train Acc: 0.9505, Val Acc: 0.9971
2025-05-08 20:37:11 | INFO     | Epoch 28/50
2025-05-08 20:37:11 | INFO     | Train Loss: 0.1274, Val Loss: 0.0076
2025-05-08 20:37:11 | INFO     | Train Acc: 0.9520, Val Acc: 0.9981
2025-05-08 20:37:19 | INFO     | Epoch 29/50
2025-05-08 20:37:19 | INFO     | Train Loss: 0.1131, Val Loss: 0.0051
2025-05-08 20:37:19 | INFO     | Train Acc: 0.9595, Val Acc: 1.0000
2025-05-08 20:37:28 | INFO     | Epoch 30/50
2025-05-08 20:37:28 | INFO     | Train Loss: 0.1348, Val Loss: 0.0046
2025-05-08 20:37:28 | INFO     | Train Acc: 0.9540, Val Acc: 0.9990
2025-05-08 20:37:36 | INFO     | Epoch 31/50
2025-05-08 20:37:36 | INFO     | Train Loss: 0.1131, Val Loss: 0.0044
2025-05-08 20:37:36 | INFO     | Train Acc: 0.9575, Val Acc: 1.0000
2025-05-08 20:37:36 | SUCCESS  | Best model saved.
2025-05-08 20:37:44 | INFO     | Epoch 32/50
2025-05-08 20:37:44 | INFO     | Train Loss: 0.1169, Val Loss: 0.0048
2025-05-08 20:37:44 | INFO     | Train Acc: 0.9595, Val Acc: 0.9990
2025-05-08 20:37:52 | INFO     | Epoch 33/50
2025-05-08 20:37:52 | INFO     | Train Loss: 0.1073, Val Loss: 0.0049
2025-05-08 20:37:52 | INFO     | Train Acc: 0.9560, Val Acc: 0.9981
2025-05-08 20:38:00 | INFO     | Epoch 34/50
2025-05-08 20:38:00 | INFO     | Train Loss: 0.1311, Val Loss: 0.0040
2025-05-08 20:38:00 | INFO     | Train Acc: 0.9570, Val Acc: 1.0000
2025-05-08 20:38:00 | SUCCESS  | Best model saved.
2025-05-08 20:38:08 | INFO     | Epoch 35/50
2025-05-08 20:38:08 | INFO     | Train Loss: 0.1198, Val Loss: 0.0050
2025-05-08 20:38:08 | INFO     | Train Acc: 0.9510, Val Acc: 1.0000
2025-05-08 20:38:16 | INFO     | Epoch 36/50
2025-05-08 20:38:16 | INFO     | Train Loss: 0.1242, Val Loss: 0.0034
2025-05-08 20:38:16 | INFO     | Train Acc: 0.9555, Val Acc: 1.0000
2025-05-08 20:38:16 | SUCCESS  | Best model saved.
2025-05-08 20:38:25 | INFO     | Epoch 37/50
2025-05-08 20:38:25 | INFO     | Train Loss: 0.1094, Val Loss: 0.0040
2025-05-08 20:38:25 | INFO     | Train Acc: 0.9555, Val Acc: 0.9990
2025-05-08 20:38:33 | INFO     | Epoch 38/50
2025-05-08 20:38:33 | INFO     | Train Loss: 0.0972, Val Loss: 0.0035
2025-05-08 20:38:33 | INFO     | Train Acc: 0.9660, Val Acc: 1.0000
2025-05-08 20:38:41 | INFO     | Epoch 39/50
2025-05-08 20:38:41 | INFO     | Train Loss: 0.1078, Val Loss: 0.0052
2025-05-08 20:38:41 | INFO     | Train Acc: 0.9655, Val Acc: 0.9990
2025-05-08 20:38:50 | INFO     | Epoch 40/50
2025-05-08 20:38:50 | INFO     | Train Loss: 0.1220, Val Loss: 0.0033
2025-05-08 20:38:50 | INFO     | Train Acc: 0.9610, Val Acc: 1.0000
2025-05-08 20:38:50 | SUCCESS  | Best model saved.
2025-05-08 20:38:58 | INFO     | Epoch 41/50
2025-05-08 20:38:58 | INFO     | Train Loss: 0.1005, Val Loss: 0.0048
2025-05-08 20:38:58 | INFO     | Train Acc: 0.9645, Val Acc: 0.9990
2025-05-08 20:39:06 | INFO     | Epoch 42/50
2025-05-08 20:39:06 | INFO     | Train Loss: 0.0898, Val Loss: 0.0030
2025-05-08 20:39:06 | INFO     | Train Acc: 0.9660, Val Acc: 0.9990
2025-05-08 20:39:06 | SUCCESS  | Best model saved.
2025-05-08 20:39:14 | INFO     | Epoch 43/50
2025-05-08 20:39:14 | INFO     | Train Loss: 0.0995, Val Loss: 0.0021
2025-05-08 20:39:14 | INFO     | Train Acc: 0.9645, Val Acc: 1.0000
2025-05-08 20:39:14 | SUCCESS  | Best model saved.
2025-05-08 20:39:22 | INFO     | Epoch 44/50
2025-05-08 20:39:22 | INFO     | Train Loss: 0.1086, Val Loss: 0.0026
2025-05-08 20:39:22 | INFO     | Train Acc: 0.9635, Val Acc: 1.0000
2025-05-08 20:39:30 | INFO     | Epoch 45/50
2025-05-08 20:39:30 | INFO     | Train Loss: 0.1095, Val Loss: 0.0064
2025-05-08 20:39:30 | INFO     | Train Acc: 0.9640, Val Acc: 0.9990
2025-05-08 20:39:38 | INFO     | Epoch 46/50
2025-05-08 20:39:38 | INFO     | Train Loss: 0.1233, Val Loss: 0.0041
2025-05-08 20:39:38 | INFO     | Train Acc: 0.9605, Val Acc: 1.0000
2025-05-08 20:39:46 | INFO     | Epoch 47/50
2025-05-08 20:39:46 | INFO     | Train Loss: 0.0896, Val Loss: 0.0029
2025-05-08 20:39:46 | INFO     | Train Acc: 0.9695, Val Acc: 0.9990
2025-05-08 20:39:54 | INFO     | Epoch 48/50
2025-05-08 20:39:54 | INFO     | Train Loss: 0.0938, Val Loss: 0.0043
2025-05-08 20:39:54 | INFO     | Train Acc: 0.9710, Val Acc: 0.9990
2025-05-08 20:40:02 | INFO     | Epoch 49/50
2025-05-08 20:40:02 | INFO     | Train Loss: 0.0870, Val Loss: 0.0034
2025-05-08 20:40:02 | INFO     | Train Acc: 0.9710, Val Acc: 1.0000
2025-05-08 20:40:10 | INFO     | Epoch 50/50
2025-05-08 20:40:10 | INFO     | Train Loss: 0.0836, Val Loss: 0.0023
2025-05-08 20:40:10 | INFO     | Train Acc: 0.9690, Val Acc: 1.0000
2025-05-08 20:46:14 | INFO     | Cleared existing output directory: ../inputs/datasets/processed
2025-05-08 20:46:15 | SUCCESS  | Split Complete
2025-05-08 20:46:15 | INFO     | Train IDs: 19, Val IDs: 4, Test IDs: 5
2025-05-08 20:47:38 | INFO     | Cleared existing output directory: ../inputs/datasets/processed
2025-05-08 20:47:39 | SUCCESS  | Split Complete
2025-05-08 20:47:39 | INFO     | Train IDs: 19, Val IDs: 4, Test IDs: 5
2025-05-08 20:47:39 | INFO     | Unique person IDs in processed data: ['A', 'B', 'C', 'D', 'E', 'F', 'G', 'H', 'I', 'J', 'K', 'L', 'M', 'N', 'O', 'P', 'Q', 'R', 'S', 'T', 'U', 'V', 'W', 'X', 'Y', 'ZA', 'ZB', 'ZC']
2025-05-08 20:48:31 | INFO     | Cleared existing output directory: ../inputs/datasets/processed
2025-05-08 20:48:31 | SUCCESS  | Split Complete
2025-05-08 20:48:31 | INFO     | Unique IDs in 'train': ['A', 'C', 'F', 'H', 'J', 'K', 'L', 'O', 'R', 'S', 'T', 'U', 'V', 'W', 'X', 'Y', 'ZA', 'ZB', 'ZC']
2025-05-08 20:48:31 | INFO     | Unique IDs in 'validation': ['D', 'M', 'N', 'P']
2025-05-08 20:48:31 | INFO     | Unique IDs in 'test': ['B', 'E', 'G', 'I', 'Q']
2025-05-08 20:50:11 | INFO     | Train samples: 1419
2025-05-08 20:50:11 | INFO     | Val samples: 272
2025-05-08 20:50:11 | INFO     | Test samples: 309
2025-05-08 20:50:12 | INFO     | Train batch shape: torch.Size([32, 1, 56, 224])
2025-05-08 20:50:12 | INFO     | Train batch shape: torch.Size([32, 1, 56, 224])
2025-05-08 20:50:12 | INFO     | Val batch shape: torch.Size([32, 1, 56, 224])
2025-05-08 20:50:12 | INFO     | Test batch shape: torch.Size([32, 1, 56, 224])
2025-05-08 20:50:12 | INFO     | Using device: cpu
2025-05-08 20:50:17 | INFO     | Epoch 1/50
2025-05-08 20:50:17 | INFO     | Train Loss: 3.1305, Val Loss: 0.8487
2025-05-08 20:50:17 | INFO     | Train Acc: 0.5314, Val Acc: 0.2757
2025-05-08 20:50:17 | SUCCESS  | Best model saved.
2025-05-08 20:50:22 | INFO     | Epoch 2/50
2025-05-08 20:50:22 | INFO     | Train Loss: 2.7953, Val Loss: 0.7226
2025-05-08 20:50:22 | INFO     | Train Acc: 0.5271, Val Acc: 0.5074
2025-05-08 20:50:22 | SUCCESS  | Best model saved.
2025-05-08 20:50:27 | INFO     | Epoch 3/50
2025-05-08 20:50:27 | INFO     | Train Loss: 2.0707, Val Loss: 0.6863
2025-05-08 20:50:27 | INFO     | Train Acc: 0.5292, Val Acc: 0.5478
2025-05-08 20:50:27 | SUCCESS  | Best model saved.
2025-05-08 20:50:32 | INFO     | Epoch 4/50
2025-05-08 20:50:32 | INFO     | Train Loss: 2.2489, Val Loss: 0.6637
2025-05-08 20:50:32 | INFO     | Train Acc: 0.5525, Val Acc: 0.5699
2025-05-08 20:50:32 | SUCCESS  | Best model saved.
2025-05-08 20:50:36 | INFO     | Epoch 5/50
2025-05-08 20:50:36 | INFO     | Train Loss: 1.8630, Val Loss: 0.6852
2025-05-08 20:50:36 | INFO     | Train Acc: 0.5518, Val Acc: 0.5662
2025-05-08 20:50:41 | INFO     | Epoch 6/50
2025-05-08 20:50:41 | INFO     | Train Loss: 1.9780, Val Loss: 0.6465
2025-05-08 20:50:41 | INFO     | Train Acc: 0.5638, Val Acc: 0.6434
2025-05-08 20:50:41 | SUCCESS  | Best model saved.
2025-05-08 20:50:45 | INFO     | Epoch 7/50
2025-05-08 20:50:45 | INFO     | Train Loss: 1.6824, Val Loss: 0.6537
2025-05-08 20:50:45 | INFO     | Train Acc: 0.5913, Val Acc: 0.6213
2025-05-08 20:50:50 | INFO     | Epoch 8/50
2025-05-08 20:50:50 | INFO     | Train Loss: 2.0454, Val Loss: 0.6453
2025-05-08 20:50:50 | INFO     | Train Acc: 0.5800, Val Acc: 0.5772
2025-05-08 20:50:50 | SUCCESS  | Best model saved.
2025-05-08 20:50:55 | INFO     | Epoch 9/50
2025-05-08 20:50:55 | INFO     | Train Loss: 1.7597, Val Loss: 0.6690
2025-05-08 20:50:55 | INFO     | Train Acc: 0.5891, Val Acc: 0.5662
2025-05-08 20:51:00 | INFO     | Epoch 10/50
2025-05-08 20:51:00 | INFO     | Train Loss: 1.6582, Val Loss: 0.6317
2025-05-08 20:51:00 | INFO     | Train Acc: 0.6124, Val Acc: 0.6544
2025-05-08 20:51:00 | SUCCESS  | Best model saved.
2025-05-08 20:51:04 | INFO     | Epoch 11/50
2025-05-08 20:51:04 | INFO     | Train Loss: 1.3832, Val Loss: 0.6540
2025-05-08 20:51:04 | INFO     | Train Acc: 0.6307, Val Acc: 0.6287
2025-05-08 20:51:09 | INFO     | Epoch 12/50
2025-05-08 20:51:09 | INFO     | Train Loss: 1.3431, Val Loss: 0.6572
2025-05-08 20:51:09 | INFO     | Train Acc: 0.6258, Val Acc: 0.6176
2025-05-08 20:51:14 | INFO     | Epoch 13/50
2025-05-08 20:51:14 | INFO     | Train Loss: 1.2651, Val Loss: 0.6758
2025-05-08 20:51:14 | INFO     | Train Acc: 0.6328, Val Acc: 0.6618
2025-05-08 20:51:18 | INFO     | Epoch 14/50
2025-05-08 20:51:18 | INFO     | Train Loss: 1.2485, Val Loss: 0.6981
2025-05-08 20:51:18 | INFO     | Train Acc: 0.6526, Val Acc: 0.4926
2025-05-08 20:51:23 | INFO     | Epoch 15/50
2025-05-08 20:51:23 | INFO     | Train Loss: 1.2689, Val Loss: 0.7009
2025-05-08 20:51:23 | INFO     | Train Acc: 0.6427, Val Acc: 0.4816
2025-05-08 20:51:28 | INFO     | Epoch 16/50
2025-05-08 20:51:28 | INFO     | Train Loss: 1.1140, Val Loss: 0.6729
2025-05-08 20:51:28 | INFO     | Train Acc: 0.6596, Val Acc: 0.5772
2025-05-08 20:51:32 | INFO     | Epoch 17/50
2025-05-08 20:51:32 | INFO     | Train Loss: 1.1858, Val Loss: 0.6702
2025-05-08 20:51:32 | INFO     | Train Acc: 0.6737, Val Acc: 0.6176
2025-05-08 20:51:37 | INFO     | Epoch 18/50
2025-05-08 20:51:37 | INFO     | Train Loss: 1.1302, Val Loss: 0.6574
2025-05-08 20:51:37 | INFO     | Train Acc: 0.6772, Val Acc: 0.6140
2025-05-08 20:51:41 | INFO     | Epoch 19/50
2025-05-08 20:51:41 | INFO     | Train Loss: 1.1520, Val Loss: 0.6632
2025-05-08 20:51:41 | INFO     | Train Acc: 0.6709, Val Acc: 0.6507
2025-05-08 20:51:46 | INFO     | Epoch 20/50
2025-05-08 20:51:46 | INFO     | Train Loss: 1.0564, Val Loss: 0.6602
2025-05-08 20:51:46 | INFO     | Train Acc: 0.6674, Val Acc: 0.6801
2025-05-08 20:51:46 | WARNING  | Early stopping triggered.
2025-05-08 20:51:46 | SUCCESS  | Final model saved to ../outputs/models/deep_ml/TJM3_FINAL_20250508_205146.pt
2025-05-08 20:51:46 | SUCCESS  | Training history saved to ../outputs/utils/deep_ml/training_history_csv_files/training_history_20250508_205146.csv
2025-05-08 20:51:47 | INFO     | Test Accuracy: 0.4110
2025-05-08 20:51:47 | INFO     | Test Precision: 0.1667
2025-05-08 20:51:47 | INFO     | Test Recall: 0.0176
2025-05-08 20:51:47 | INFO     | Test F1 Score: 0.0319
2025-05-08 20:51:47 | INFO     | 
Classification Report:
2025-05-08 20:51:47 | INFO     | 
              precision    recall  f1-score   support

           0       0.43      0.89      0.58       139
           1       0.17      0.02      0.03       170

    accuracy                           0.41       309
   macro avg       0.30      0.45      0.30       309
weighted avg       0.28      0.41      0.28       309

2025-05-08 20:51:47 | INFO     | 
Confusion Matrix:
2025-05-08 20:51:47 | INFO     | 
[[124  15]
 [167   3]]
2025-05-08 20:51:47 | INFO     | 
Some individual test predictions:

2025-05-08 20:51:47 | INFO     | I0960.png                      true=0 pred=1 prob=0.591
2025-05-08 20:51:47 | INFO     | q0080.png                      true=1 pred=0 prob=0.286
2025-05-08 20:51:47 | INFO     | e0588.png                      true=1 pred=0 prob=0.357
2025-05-08 20:51:47 | INFO     | I0239.png                      true=0 pred=0 prob=0.409
2025-05-08 20:51:47 | INFO     | G0264.png                      true=0 pred=0 prob=0.428
2025-05-08 20:52:01 | INFO     | Epoch 1/50
2025-05-08 20:52:01 | INFO     | Train Loss: 1.0339, Val Loss: 0.6804
2025-05-08 20:52:01 | INFO     | Train Acc: 0.6716, Val Acc: 0.6434
2025-05-08 20:52:01 | SUCCESS  | Best model saved.
2025-05-08 20:52:06 | INFO     | Epoch 2/50
2025-05-08 20:52:06 | INFO     | Train Loss: 0.9590, Val Loss: 0.6764
2025-05-08 20:52:06 | INFO     | Train Acc: 0.6892, Val Acc: 0.6213
2025-05-08 20:52:06 | SUCCESS  | Best model saved.
2025-05-08 20:52:11 | INFO     | Epoch 3/50
2025-05-08 20:52:11 | INFO     | Train Loss: 1.0433, Val Loss: 0.6558
2025-05-08 20:52:11 | INFO     | Train Acc: 0.7097, Val Acc: 0.7169
2025-05-08 20:52:11 | SUCCESS  | Best model saved.
2025-05-08 20:52:16 | INFO     | Epoch 4/50
2025-05-08 20:52:16 | INFO     | Train Loss: 0.9613, Val Loss: 0.6659
2025-05-08 20:52:16 | INFO     | Train Acc: 0.6850, Val Acc: 0.6581
2025-05-08 20:52:20 | INFO     | Epoch 5/50
2025-05-08 20:52:20 | INFO     | Train Loss: 1.0796, Val Loss: 0.6751
2025-05-08 20:52:20 | INFO     | Train Acc: 0.6899, Val Acc: 0.6581
