2025-05-09 08:19:53 | INFO     | Cleared existing output directory: ../inputs/datasets/processed
2025-05-09 08:20:11 | SUCCESS  | Split Complete
2025-05-09 08:20:11 | INFO     | Unique IDs in 'train': ['A', 'D', 'E', 'G', 'H', 'I', 'L', 'M', 'N', 'O', 'P', 'Q', 'R', 'T', 'U', 'W', 'ZA', 'ZB', 'ZC']
2025-05-09 08:20:11 | INFO     | Unique IDs in 'validation': ['J', 'K', 'V', 'X']
2025-05-09 08:20:11 | INFO     | Unique IDs in 'test': ['B', 'C', 'F', 'S', 'Y']
2025-05-09 08:20:11 | INFO     | Train samples: 29457
2025-05-09 08:20:11 | INFO     | Val samples: 6906
2025-05-09 08:20:11 | INFO     | Test samples: 5430
2025-05-09 08:20:11 | INFO     | Train batch shape: torch.Size([32, 1, 224, 224])
2025-05-09 08:20:11 | INFO     | Train batch shape: torch.Size([32, 1, 224, 224])
2025-05-09 08:20:12 | INFO     | Val batch shape: torch.Size([32, 1, 224, 224])
2025-05-09 08:20:12 | INFO     | Test batch shape: torch.Size([32, 1, 224, 224])
2025-05-09 08:20:12 | INFO     | Using device: cpu
2025-05-09 08:51:09 | INFO     | 🧹 Cleared existing output directory: ../inputs/datasets/processed_cew
2025-05-09 08:52:54 | INFO     | 🧹 Cleared existing output directory: ../inputs/datasets/processed_cew
2025-05-09 08:56:10 | SUCCESS  | ✅ Dataset split complete.
2025-05-09 08:56:10 | INFO     | Train      | Total: 19040 | Drowsy: 9005 | Non-drowsy: 10035
2025-05-09 08:56:10 | INFO     | Validation | Total: 4080  | Drowsy: 1930 | Non-drowsy: 2150
2025-05-09 08:56:10 | INFO     | Test       | Total: 4080  | Drowsy: 1929 | Non-drowsy: 2151
2025-05-09 08:56:31 | INFO     | Train samples: 19040
2025-05-09 08:56:31 | INFO     | Val samples: 4080
2025-05-09 08:56:31 | INFO     | Test samples: 4080
2025-05-09 08:56:31 | INFO     | Train batch shape: torch.Size([32, 1, 224, 224])
2025-05-09 08:56:31 | INFO     | Train batch shape: torch.Size([32, 1, 224, 224])
2025-05-09 08:56:31 | INFO     | Val batch shape: torch.Size([32, 1, 224, 224])
2025-05-09 08:56:31 | INFO     | Test batch shape: torch.Size([32, 1, 224, 224])
2025-05-09 08:56:31 | INFO     | Using device: cpu
2025-05-09 08:59:01 | INFO     | Epoch 1/100
2025-05-09 08:59:01 | INFO     | Train Loss: 1.2908, Val Loss: 0.6393
2025-05-09 08:59:01 | INFO     | Train Acc: 0.5575, Val Acc: 0.6784
2025-05-09 08:59:01 | SUCCESS  | Best model saved.
2025-05-09 09:01:27 | INFO     | Epoch 2/100
2025-05-09 09:01:27 | INFO     | Train Loss: 0.8505, Val Loss: 0.6026
2025-05-09 09:01:27 | INFO     | Train Acc: 0.6017, Val Acc: 0.7145
2025-05-09 09:01:27 | SUCCESS  | Best model saved.
2025-05-09 09:03:52 | INFO     | Epoch 3/100
2025-05-09 09:03:52 | INFO     | Train Loss: 0.6969, Val Loss: 0.5904
2025-05-09 09:03:52 | INFO     | Train Acc: 0.6381, Val Acc: 0.7370
2025-05-09 09:03:52 | SUCCESS  | Best model saved.
2025-05-09 09:06:21 | INFO     | Epoch 4/100
2025-05-09 09:06:21 | INFO     | Train Loss: 0.6351, Val Loss: 0.5673
2025-05-09 09:06:21 | INFO     | Train Acc: 0.6677, Val Acc: 0.7522
2025-05-09 09:06:21 | SUCCESS  | Best model saved.
2025-05-09 09:08:52 | INFO     | Epoch 5/100
2025-05-09 09:08:52 | INFO     | Train Loss: 0.6066, Val Loss: 0.5518
2025-05-09 09:08:52 | INFO     | Train Acc: 0.6908, Val Acc: 0.7593
2025-05-09 09:08:52 | SUCCESS  | Best model saved.
2025-05-09 09:11:22 | INFO     | Epoch 6/100
2025-05-09 09:11:22 | INFO     | Train Loss: 0.5851, Val Loss: 0.5038
2025-05-09 09:11:22 | INFO     | Train Acc: 0.7152, Val Acc: 0.7973
2025-05-09 09:11:22 | SUCCESS  | Best model saved.
2025-05-09 09:13:54 | INFO     | Epoch 7/100
2025-05-09 09:13:54 | INFO     | Train Loss: 0.5423, Val Loss: 0.4585
2025-05-09 09:13:54 | INFO     | Train Acc: 0.7624, Val Acc: 0.8475
2025-05-09 09:13:54 | SUCCESS  | Best model saved.
2025-05-09 09:16:28 | INFO     | Epoch 8/100
2025-05-09 09:16:28 | INFO     | Train Loss: 0.4891, Val Loss: 0.3878
2025-05-09 09:16:28 | INFO     | Train Acc: 0.8103, Val Acc: 0.8897
2025-05-09 09:16:28 | SUCCESS  | Best model saved.
2025-05-09 09:18:58 | INFO     | Epoch 9/100
2025-05-09 09:18:58 | INFO     | Train Loss: 0.4514, Val Loss: 0.3463
2025-05-09 09:18:58 | INFO     | Train Acc: 0.8388, Val Acc: 0.9196
2025-05-09 09:18:58 | SUCCESS  | Best model saved.
2025-05-09 09:21:28 | INFO     | Epoch 10/100
2025-05-09 09:21:28 | INFO     | Train Loss: 0.4165, Val Loss: 0.3373
2025-05-09 09:21:28 | INFO     | Train Acc: 0.8648, Val Acc: 0.9216
2025-05-09 09:21:28 | SUCCESS  | Best model saved.
2025-05-09 09:23:57 | INFO     | Epoch 11/100
2025-05-09 09:23:57 | INFO     | Train Loss: 0.4019, Val Loss: 0.3356
2025-05-09 09:23:57 | INFO     | Train Acc: 0.8742, Val Acc: 0.9164
2025-05-09 09:23:57 | SUCCESS  | Best model saved.
2025-05-09 09:26:21 | INFO     | Epoch 12/100
2025-05-09 09:26:21 | INFO     | Train Loss: 0.3861, Val Loss: 0.3002
2025-05-09 09:26:21 | INFO     | Train Acc: 0.8869, Val Acc: 0.9429
2025-05-09 09:26:21 | SUCCESS  | Best model saved.
2025-05-09 09:29:11 | INFO     | Epoch 13/100
2025-05-09 09:29:11 | INFO     | Train Loss: 0.3694, Val Loss: 0.3604
2025-05-09 09:29:11 | INFO     | Train Acc: 0.8983, Val Acc: 0.8990
2025-05-09 09:31:43 | INFO     | Epoch 14/100
2025-05-09 09:31:43 | INFO     | Train Loss: 0.3569, Val Loss: 0.2907
2025-05-09 09:31:43 | INFO     | Train Acc: 0.9087, Val Acc: 0.9512
2025-05-09 09:31:43 | SUCCESS  | Best model saved.
2025-05-09 09:34:11 | INFO     | Epoch 15/100
2025-05-09 09:34:11 | INFO     | Train Loss: 0.3487, Val Loss: 0.3286
2025-05-09 09:34:11 | INFO     | Train Acc: 0.9136, Val Acc: 0.9150
2025-05-09 09:36:36 | INFO     | Epoch 16/100
2025-05-09 09:36:36 | INFO     | Train Loss: 0.3400, Val Loss: 0.2788
2025-05-09 09:36:36 | INFO     | Train Acc: 0.9215, Val Acc: 0.9559
2025-05-09 09:36:36 | SUCCESS  | Best model saved.
2025-05-09 09:39:03 | INFO     | Epoch 17/100
2025-05-09 09:39:03 | INFO     | Train Loss: 0.3337, Val Loss: 0.2710
2025-05-09 09:39:03 | INFO     | Train Acc: 0.9240, Val Acc: 0.9600
2025-05-09 09:39:03 | SUCCESS  | Best model saved.
2025-05-09 09:41:26 | INFO     | Epoch 18/100
2025-05-09 09:41:26 | INFO     | Train Loss: 0.3267, Val Loss: 0.2778
2025-05-09 09:41:26 | INFO     | Train Acc: 0.9259, Val Acc: 0.9574
2025-05-09 09:43:49 | INFO     | Epoch 19/100
2025-05-09 09:43:49 | INFO     | Train Loss: 0.3234, Val Loss: 0.2619
2025-05-09 09:43:49 | INFO     | Train Acc: 0.9299, Val Acc: 0.9647
2025-05-09 09:43:49 | SUCCESS  | Best model saved.
2025-05-09 09:46:17 | INFO     | Epoch 20/100
2025-05-09 09:46:17 | INFO     | Train Loss: 0.3168, Val Loss: 0.2598
2025-05-09 09:46:17 | INFO     | Train Acc: 0.9323, Val Acc: 0.9667
2025-05-09 09:46:17 | SUCCESS  | Best model saved.
2025-05-09 09:48:42 | INFO     | Epoch 21/100
2025-05-09 09:48:42 | INFO     | Train Loss: 0.3154, Val Loss: 0.2590
2025-05-09 09:48:42 | INFO     | Train Acc: 0.9363, Val Acc: 0.9667
2025-05-09 09:48:42 | SUCCESS  | Best model saved.
2025-05-09 09:51:08 | INFO     | Epoch 22/100
2025-05-09 09:51:08 | INFO     | Train Loss: 0.3093, Val Loss: 0.2521
2025-05-09 09:51:08 | INFO     | Train Acc: 0.9403, Val Acc: 0.9725
2025-05-09 09:51:08 | SUCCESS  | Best model saved.
2025-05-09 09:53:35 | INFO     | Epoch 23/100
2025-05-09 09:53:35 | INFO     | Train Loss: 0.2984, Val Loss: 0.2586
2025-05-09 09:53:35 | INFO     | Train Acc: 0.9486, Val Acc: 0.9676
2025-05-09 09:55:59 | INFO     | Epoch 24/100
2025-05-09 09:55:59 | INFO     | Train Loss: 0.3013, Val Loss: 0.2974
2025-05-09 09:55:59 | INFO     | Train Acc: 0.9447, Val Acc: 0.9409
2025-05-09 09:58:26 | INFO     | Epoch 25/100
2025-05-09 09:58:26 | INFO     | Train Loss: 0.2966, Val Loss: 0.2564
2025-05-09 09:58:26 | INFO     | Train Acc: 0.9488, Val Acc: 0.9718
2025-05-09 10:00:50 | INFO     | Epoch 26/100
2025-05-09 10:00:50 | INFO     | Train Loss: 0.2950, Val Loss: 0.2478
2025-05-09 10:00:50 | INFO     | Train Acc: 0.9500, Val Acc: 0.9757
2025-05-09 10:00:50 | SUCCESS  | Best model saved.
2025-05-09 10:03:15 | INFO     | Epoch 27/100
2025-05-09 10:03:15 | INFO     | Train Loss: 0.2960, Val Loss: 0.5284
2025-05-09 10:03:15 | INFO     | Train Acc: 0.9492, Val Acc: 0.7990
2025-05-09 10:05:45 | INFO     | Epoch 28/100
2025-05-09 10:05:45 | INFO     | Train Loss: 0.2906, Val Loss: 0.2530
2025-05-09 10:05:45 | INFO     | Train Acc: 0.9507, Val Acc: 0.9716
2025-05-09 10:08:11 | INFO     | Epoch 29/100
2025-05-09 10:08:11 | INFO     | Train Loss: 0.2881, Val Loss: 0.2819
2025-05-09 10:08:11 | INFO     | Train Acc: 0.9548, Val Acc: 0.9520
2025-05-09 10:10:40 | INFO     | Epoch 30/100
2025-05-09 10:10:40 | INFO     | Train Loss: 0.2872, Val Loss: 0.2522
2025-05-09 10:10:40 | INFO     | Train Acc: 0.9549, Val Acc: 0.9723
2025-05-09 10:13:05 | INFO     | Epoch 31/100
2025-05-09 10:13:05 | INFO     | Train Loss: 0.2873, Val Loss: 0.2596
2025-05-09 10:13:05 | INFO     | Train Acc: 0.9542, Val Acc: 0.9657
2025-05-09 10:15:31 | INFO     | Epoch 32/100
2025-05-09 10:15:31 | INFO     | Train Loss: 0.2819, Val Loss: 0.3411
2025-05-09 10:15:31 | INFO     | Train Acc: 0.9597, Val Acc: 0.9093
2025-05-09 10:18:01 | INFO     | Epoch 33/100
2025-05-09 10:18:01 | INFO     | Train Loss: 0.2786, Val Loss: 0.2407
2025-05-09 10:18:01 | INFO     | Train Acc: 0.9596, Val Acc: 0.9799
2025-05-09 10:18:01 | SUCCESS  | Best model saved.
2025-05-09 10:20:27 | INFO     | Epoch 34/100
2025-05-09 10:20:27 | INFO     | Train Loss: 0.2757, Val Loss: 0.2392
2025-05-09 10:20:27 | INFO     | Train Acc: 0.9614, Val Acc: 0.9804
2025-05-09 10:20:27 | SUCCESS  | Best model saved.
2025-05-09 10:22:52 | INFO     | Epoch 35/100
2025-05-09 10:22:52 | INFO     | Train Loss: 0.2723, Val Loss: 0.2410
2025-05-09 10:22:52 | INFO     | Train Acc: 0.9654, Val Acc: 0.9801
2025-05-09 10:25:15 | INFO     | Epoch 36/100
2025-05-09 10:25:15 | INFO     | Train Loss: 0.2740, Val Loss: 0.2385
2025-05-09 10:25:15 | INFO     | Train Acc: 0.9647, Val Acc: 0.9799
2025-05-09 10:25:15 | SUCCESS  | Best model saved.
2025-05-09 10:27:38 | INFO     | Epoch 37/100
2025-05-09 10:27:38 | INFO     | Train Loss: 0.2725, Val Loss: 0.2397
2025-05-09 10:27:38 | INFO     | Train Acc: 0.9641, Val Acc: 0.9814
2025-05-09 10:30:02 | INFO     | Epoch 38/100
2025-05-09 10:30:02 | INFO     | Train Loss: 0.2707, Val Loss: 0.2371
2025-05-09 10:30:02 | INFO     | Train Acc: 0.9662, Val Acc: 0.9804
2025-05-09 10:30:02 | SUCCESS  | Best model saved.
2025-05-09 10:32:27 | INFO     | Epoch 39/100
2025-05-09 10:32:27 | INFO     | Train Loss: 0.2690, Val Loss: 0.2384
2025-05-09 10:32:27 | INFO     | Train Acc: 0.9661, Val Acc: 0.9804
2025-05-09 10:34:51 | INFO     | Epoch 40/100
2025-05-09 10:34:51 | INFO     | Train Loss: 0.2697, Val Loss: 0.2396
2025-05-09 10:34:51 | INFO     | Train Acc: 0.9675, Val Acc: 0.9794
2025-05-09 10:37:18 | INFO     | Epoch 41/100
2025-05-09 10:37:18 | INFO     | Train Loss: 0.2714, Val Loss: 0.2389
2025-05-09 10:37:18 | INFO     | Train Acc: 0.9669, Val Acc: 0.9789
2025-05-09 10:39:49 | INFO     | Epoch 42/100
2025-05-09 10:39:49 | INFO     | Train Loss: 0.2694, Val Loss: 0.2370
2025-05-09 10:39:49 | INFO     | Train Acc: 0.9674, Val Acc: 0.9801
2025-05-09 10:39:49 | SUCCESS  | Best model saved.
2025-05-09 10:42:13 | INFO     | Epoch 43/100
2025-05-09 10:42:13 | INFO     | Train Loss: 0.2717, Val Loss: 0.2365
2025-05-09 10:42:13 | INFO     | Train Acc: 0.9668, Val Acc: 0.9806
2025-05-09 10:42:13 | SUCCESS  | Best model saved.
2025-05-09 10:44:37 | INFO     | Epoch 44/100
2025-05-09 10:44:37 | INFO     | Train Loss: 0.2680, Val Loss: 0.2379
2025-05-09 10:44:37 | INFO     | Train Acc: 0.9688, Val Acc: 0.9801
2025-05-09 10:46:57 | INFO     | Epoch 45/100
2025-05-09 10:46:57 | INFO     | Train Loss: 0.2686, Val Loss: 0.2370
2025-05-09 10:46:57 | INFO     | Train Acc: 0.9672, Val Acc: 0.9801
2025-05-09 10:49:21 | INFO     | Epoch 46/100
2025-05-09 10:49:21 | INFO     | Train Loss: 0.2678, Val Loss: 0.2361
2025-05-09 10:49:21 | INFO     | Train Acc: 0.9683, Val Acc: 0.9804
2025-05-09 10:49:21 | SUCCESS  | Best model saved.
2025-05-09 10:51:46 | INFO     | Epoch 47/100
2025-05-09 10:51:46 | INFO     | Train Loss: 0.2671, Val Loss: 0.2359
2025-05-09 10:51:46 | INFO     | Train Acc: 0.9684, Val Acc: 0.9792
2025-05-09 10:51:46 | SUCCESS  | Best model saved.
2025-05-09 10:54:11 | INFO     | Epoch 48/100
2025-05-09 10:54:11 | INFO     | Train Loss: 0.2694, Val Loss: 0.2363
2025-05-09 10:54:11 | INFO     | Train Acc: 0.9677, Val Acc: 0.9801
2025-05-09 10:56:35 | INFO     | Epoch 49/100
2025-05-09 10:56:35 | INFO     | Train Loss: 0.2715, Val Loss: 0.2370
2025-05-09 10:56:35 | INFO     | Train Acc: 0.9652, Val Acc: 0.9797
2025-05-09 10:58:58 | INFO     | Epoch 50/100
2025-05-09 10:58:58 | INFO     | Train Loss: 0.2639, Val Loss: 0.2365
2025-05-09 10:58:58 | INFO     | Train Acc: 0.9716, Val Acc: 0.9799
2025-05-09 11:01:21 | INFO     | Epoch 51/100
2025-05-09 11:01:21 | INFO     | Train Loss: 0.2677, Val Loss: 0.2360
2025-05-09 11:01:21 | INFO     | Train Acc: 0.9686, Val Acc: 0.9799
2025-05-09 11:03:44 | INFO     | Epoch 52/100
2025-05-09 11:03:44 | INFO     | Train Loss: 0.2682, Val Loss: 0.2358
2025-05-09 11:03:44 | INFO     | Train Acc: 0.9680, Val Acc: 0.9799
2025-05-09 11:03:44 | SUCCESS  | Best model saved.
2025-05-09 11:06:09 | INFO     | Epoch 53/100
2025-05-09 11:06:09 | INFO     | Train Loss: 0.2682, Val Loss: 0.2349
2025-05-09 11:06:09 | INFO     | Train Acc: 0.9683, Val Acc: 0.9809
2025-05-09 11:06:09 | SUCCESS  | Best model saved.
2025-05-09 11:08:35 | INFO     | Epoch 54/100
2025-05-09 11:08:35 | INFO     | Train Loss: 0.2668, Val Loss: 0.2353
2025-05-09 11:08:35 | INFO     | Train Acc: 0.9688, Val Acc: 0.9809
2025-05-09 11:10:59 | INFO     | Epoch 55/100
2025-05-09 11:10:59 | INFO     | Train Loss: 0.2677, Val Loss: 0.2357
2025-05-09 11:10:59 | INFO     | Train Acc: 0.9703, Val Acc: 0.9806
2025-05-09 11:13:30 | INFO     | Epoch 56/100
2025-05-09 11:13:30 | INFO     | Train Loss: 0.2653, Val Loss: 0.2355
2025-05-09 11:13:30 | INFO     | Train Acc: 0.9708, Val Acc: 0.9809
2025-05-09 11:15:57 | INFO     | Epoch 57/100
2025-05-09 11:15:57 | INFO     | Train Loss: 0.2655, Val Loss: 0.2355
2025-05-09 11:15:57 | INFO     | Train Acc: 0.9695, Val Acc: 0.9801
2025-05-09 11:18:21 | INFO     | Epoch 58/100
2025-05-09 11:18:21 | INFO     | Train Loss: 0.2649, Val Loss: 0.2373
2025-05-09 11:18:21 | INFO     | Train Acc: 0.9690, Val Acc: 0.9806
2025-05-09 11:20:54 | INFO     | Epoch 59/100
2025-05-09 11:20:54 | INFO     | Train Loss: 0.2657, Val Loss: 0.2349
2025-05-09 11:20:54 | INFO     | Train Acc: 0.9703, Val Acc: 0.9809
2025-05-09 11:23:25 | INFO     | Epoch 60/100
2025-05-09 11:23:25 | INFO     | Train Loss: 0.2664, Val Loss: 0.2345
2025-05-09 11:23:25 | INFO     | Train Acc: 0.9690, Val Acc: 0.9821
2025-05-09 11:23:25 | SUCCESS  | Best model saved.
2025-05-09 11:25:57 | INFO     | Epoch 61/100
2025-05-09 11:25:57 | INFO     | Train Loss: 0.2626, Val Loss: 0.2349
2025-05-09 11:25:57 | INFO     | Train Acc: 0.9715, Val Acc: 0.9804
2025-05-09 11:28:24 | INFO     | Epoch 62/100
2025-05-09 11:28:24 | INFO     | Train Loss: 0.2628, Val Loss: 0.2347
2025-05-09 11:28:24 | INFO     | Train Acc: 0.9712, Val Acc: 0.9809
2025-05-09 11:30:49 | INFO     | Epoch 63/100
2025-05-09 11:30:49 | INFO     | Train Loss: 0.2627, Val Loss: 0.2347
2025-05-09 11:30:49 | INFO     | Train Acc: 0.9724, Val Acc: 0.9814
2025-05-09 11:33:14 | INFO     | Epoch 64/100
2025-05-09 11:33:14 | INFO     | Train Loss: 0.2666, Val Loss: 0.2351
2025-05-09 11:33:14 | INFO     | Train Acc: 0.9697, Val Acc: 0.9809
2025-05-09 11:35:35 | INFO     | Epoch 65/100
2025-05-09 11:35:35 | INFO     | Train Loss: 0.2620, Val Loss: 0.2359
2025-05-09 11:35:35 | INFO     | Train Acc: 0.9721, Val Acc: 0.9809
2025-05-09 11:37:57 | INFO     | Epoch 66/100
2025-05-09 11:37:57 | INFO     | Train Loss: 0.2643, Val Loss: 0.2343
2025-05-09 11:37:57 | INFO     | Train Acc: 0.9700, Val Acc: 0.9797
2025-05-09 11:37:57 | SUCCESS  | Best model saved.
2025-05-09 11:40:19 | INFO     | Epoch 67/100
2025-05-09 11:40:19 | INFO     | Train Loss: 0.2646, Val Loss: 0.2344
2025-05-09 11:40:19 | INFO     | Train Acc: 0.9694, Val Acc: 0.9806
2025-05-09 11:42:47 | INFO     | Epoch 68/100
2025-05-09 11:42:47 | INFO     | Train Loss: 0.2647, Val Loss: 0.2343
2025-05-09 11:42:47 | INFO     | Train Acc: 0.9702, Val Acc: 0.9821
2025-05-09 11:42:47 | SUCCESS  | Best model saved.
2025-05-09 11:45:23 | INFO     | Epoch 69/100
2025-05-09 11:45:23 | INFO     | Train Loss: 0.2646, Val Loss: 0.2352
2025-05-09 11:45:23 | INFO     | Train Acc: 0.9693, Val Acc: 0.9797
2025-05-09 11:48:03 | INFO     | Epoch 70/100
2025-05-09 11:48:03 | INFO     | Train Loss: 0.2658, Val Loss: 0.2343
2025-05-09 11:48:03 | INFO     | Train Acc: 0.9693, Val Acc: 0.9819
2025-05-09 11:50:33 | INFO     | Epoch 71/100
2025-05-09 11:50:33 | INFO     | Train Loss: 0.2626, Val Loss: 0.2345
2025-05-09 11:50:33 | INFO     | Train Acc: 0.9710, Val Acc: 0.9814
2025-05-09 11:52:59 | INFO     | Epoch 72/100
2025-05-09 11:52:59 | INFO     | Train Loss: 0.2621, Val Loss: 0.2345
2025-05-09 11:52:59 | INFO     | Train Acc: 0.9703, Val Acc: 0.9814
2025-05-09 11:55:31 | INFO     | Epoch 73/100
2025-05-09 11:55:31 | INFO     | Train Loss: 0.2640, Val Loss: 0.2340
2025-05-09 11:55:31 | INFO     | Train Acc: 0.9709, Val Acc: 0.9821
2025-05-09 11:55:31 | SUCCESS  | Best model saved.
2025-05-09 11:58:06 | INFO     | Epoch 74/100
2025-05-09 11:58:06 | INFO     | Train Loss: 0.2614, Val Loss: 0.2342
2025-05-09 11:58:06 | INFO     | Train Acc: 0.9718, Val Acc: 0.9806
2025-05-09 12:00:41 | INFO     | Epoch 75/100
2025-05-09 12:00:41 | INFO     | Train Loss: 0.2636, Val Loss: 0.2343
2025-05-09 12:00:41 | INFO     | Train Acc: 0.9709, Val Acc: 0.9814
2025-05-09 12:03:15 | INFO     | Epoch 76/100
2025-05-09 12:03:15 | INFO     | Train Loss: 0.2633, Val Loss: 0.2347
2025-05-09 12:03:15 | INFO     | Train Acc: 0.9707, Val Acc: 0.9809
2025-05-09 12:05:50 | INFO     | Epoch 77/100
2025-05-09 12:05:50 | INFO     | Train Loss: 0.2648, Val Loss: 0.2346
2025-05-09 12:05:50 | INFO     | Train Acc: 0.9707, Val Acc: 0.9809
2025-05-09 12:08:25 | INFO     | Epoch 78/100
2025-05-09 12:08:25 | INFO     | Train Loss: 0.2636, Val Loss: 0.2347
2025-05-09 12:08:25 | INFO     | Train Acc: 0.9708, Val Acc: 0.9816
2025-05-09 12:10:58 | INFO     | Epoch 79/100
2025-05-09 12:10:58 | INFO     | Train Loss: 0.2647, Val Loss: 0.2346
2025-05-09 12:10:58 | INFO     | Train Acc: 0.9703, Val Acc: 0.9814
2025-05-09 12:13:31 | INFO     | Epoch 80/100
2025-05-09 12:13:31 | INFO     | Train Loss: 0.2593, Val Loss: 0.2346
2025-05-09 12:13:31 | INFO     | Train Acc: 0.9745, Val Acc: 0.9804
2025-05-09 12:16:05 | INFO     | Epoch 81/100
2025-05-09 12:16:05 | INFO     | Train Loss: 0.2636, Val Loss: 0.2342
2025-05-09 12:16:05 | INFO     | Train Acc: 0.9705, Val Acc: 0.9809
2025-05-09 12:18:41 | INFO     | Epoch 82/100
2025-05-09 12:18:41 | INFO     | Train Loss: 0.2644, Val Loss: 0.2343
2025-05-09 12:18:41 | INFO     | Train Acc: 0.9713, Val Acc: 0.9806
2025-05-09 12:21:15 | INFO     | Epoch 83/100
2025-05-09 12:21:15 | INFO     | Train Loss: 0.2624, Val Loss: 0.2342
2025-05-09 12:21:15 | INFO     | Train Acc: 0.9713, Val Acc: 0.9824
2025-05-09 12:23:48 | INFO     | Epoch 84/100
2025-05-09 12:23:48 | INFO     | Train Loss: 0.2637, Val Loss: 0.2345
2025-05-09 12:23:48 | INFO     | Train Acc: 0.9710, Val Acc: 0.9819
2025-05-09 12:26:23 | INFO     | Epoch 85/100
2025-05-09 12:26:23 | INFO     | Train Loss: 0.2623, Val Loss: 0.2339
2025-05-09 12:26:23 | INFO     | Train Acc: 0.9716, Val Acc: 0.9799
2025-05-09 12:26:23 | SUCCESS  | Best model saved.
2025-05-09 12:28:56 | INFO     | Epoch 86/100
2025-05-09 12:28:56 | INFO     | Train Loss: 0.2623, Val Loss: 0.2340
2025-05-09 12:28:56 | INFO     | Train Acc: 0.9707, Val Acc: 0.9814
2025-05-09 12:31:22 | INFO     | Epoch 87/100
2025-05-09 12:31:22 | INFO     | Train Loss: 0.2647, Val Loss: 0.2346
2025-05-09 12:31:22 | INFO     | Train Acc: 0.9716, Val Acc: 0.9804
2025-05-09 12:33:51 | INFO     | Epoch 88/100
2025-05-09 12:33:51 | INFO     | Train Loss: 0.2645, Val Loss: 0.2346
2025-05-09 12:33:51 | INFO     | Train Acc: 0.9695, Val Acc: 0.9814
2025-05-09 12:36:26 | INFO     | Epoch 89/100
2025-05-09 12:36:26 | INFO     | Train Loss: 0.2633, Val Loss: 0.2345
2025-05-09 12:36:26 | INFO     | Train Acc: 0.9706, Val Acc: 0.9809
2025-05-09 12:39:00 | INFO     | Epoch 90/100
2025-05-09 12:39:00 | INFO     | Train Loss: 0.2609, Val Loss: 0.2347
2025-05-09 12:39:00 | INFO     | Train Acc: 0.9729, Val Acc: 0.9816
2025-05-09 12:41:33 | INFO     | Epoch 91/100
2025-05-09 12:41:33 | INFO     | Train Loss: 0.2632, Val Loss: 0.2346
2025-05-09 12:41:33 | INFO     | Train Acc: 0.9706, Val Acc: 0.9814
2025-05-09 12:44:03 | INFO     | Epoch 92/100
2025-05-09 12:44:03 | INFO     | Train Loss: 0.2645, Val Loss: 0.2353
2025-05-09 12:44:03 | INFO     | Train Acc: 0.9701, Val Acc: 0.9816
2025-05-09 12:46:33 | INFO     | Epoch 93/100
2025-05-09 12:46:33 | INFO     | Train Loss: 0.2621, Val Loss: 0.2355
2025-05-09 12:46:33 | INFO     | Train Acc: 0.9720, Val Acc: 0.9811
2025-05-09 12:49:01 | INFO     | Epoch 94/100
2025-05-09 12:49:01 | INFO     | Train Loss: 0.2649, Val Loss: 0.2349
2025-05-09 12:49:01 | INFO     | Train Acc: 0.9690, Val Acc: 0.9806
2025-05-09 12:51:32 | INFO     | Epoch 95/100
2025-05-09 12:51:32 | INFO     | Train Loss: 0.2645, Val Loss: 0.2351
2025-05-09 12:51:32 | INFO     | Train Acc: 0.9705, Val Acc: 0.9809
2025-05-09 12:54:03 | INFO     | Epoch 96/100
2025-05-09 12:54:03 | INFO     | Train Loss: 0.2638, Val Loss: 0.2353
2025-05-09 12:54:03 | INFO     | Train Acc: 0.9707, Val Acc: 0.9804
2025-05-09 12:56:34 | INFO     | Epoch 97/100
2025-05-09 12:56:35 | INFO     | Train Loss: 0.2644, Val Loss: 0.2358
2025-05-09 12:56:35 | INFO     | Train Acc: 0.9715, Val Acc: 0.9806
2025-05-09 12:59:08 | INFO     | Epoch 98/100
2025-05-09 12:59:08 | INFO     | Train Loss: 0.2632, Val Loss: 0.2344
2025-05-09 12:59:08 | INFO     | Train Acc: 0.9714, Val Acc: 0.9809
2025-05-09 13:01:36 | INFO     | Epoch 99/100
2025-05-09 13:01:36 | INFO     | Train Loss: 0.2660, Val Loss: 0.2346
2025-05-09 13:01:36 | INFO     | Train Acc: 0.9691, Val Acc: 0.9806
2025-05-09 13:04:03 | INFO     | Epoch 100/100
2025-05-09 13:04:03 | INFO     | Train Loss: 0.2638, Val Loss: 0.2363
2025-05-09 13:04:03 | INFO     | Train Acc: 0.9714, Val Acc: 0.9811
2025-05-09 13:04:03 | SUCCESS  | Final model checkpoint saved to ../outputs/models/deep_ml/TJM3_FINAL_20250509_130403.pt
2025-05-09 13:04:03 | SUCCESS  | Training history saved to ../outputs/utils/deep_ml/training_history_csv_files/training_history_20250509_130403.csv
2025-05-09 13:04:03 | SUCCESS  | Reloaded model weights from ../outputs/models/deep_ml/TJM3_FINAL_20250509_130403.pt
2025-05-09 13:04:13 | INFO     | Test Accuracy:  0.9831
2025-05-09 13:04:13 | INFO     | Test Precision: 0.9753
2025-05-09 13:04:13 | INFO     | Test Recall:    0.9930
2025-05-09 13:04:13 | INFO     | Test F1 Score:  0.9841
2025-05-09 13:04:13 | INFO     | Classification Report:
2025-05-09 13:04:13 | INFO     | 
              precision    recall  f1-score   support

           0       0.99      0.97      0.98      1929
           1       0.98      0.99      0.98      2151

    accuracy                           0.98      4080
   macro avg       0.98      0.98      0.98      4080
weighted avg       0.98      0.98      0.98      4080

2025-05-09 13:04:13 | INFO     | Confusion Matrix:
2025-05-09 13:04:13 | INFO     | 
[[1875   54]
 [  15 2136]]
2025-05-09 13:04:13 | INFO     | Initialising pretrained ResNet18 model.....
2025-05-09 13:04:13 | INFO     | Preparing transforms with normalization...
2025-05-09 13:04:13 | INFO     | Loading datasets for ResNet pipeline...
2025-05-09 13:04:13 | SUCCESS  | Loaded train/val/test datasets (Train: 19040, Val: 4080, Test: 4080)
2025-05-09 13:04:13 | INFO     | Setting up model, loss function, optimiser, and scheduler...
2025-05-09 13:04:13 | SUCCESS  | ResNet18 initialised with custom classifier.
2025-05-09 13:04:13 | INFO     | Experiment timestamp: 20250509_130413
2025-05-09 13:04:13 | INFO     | Starting training with pretrained ResNet18...
2025-05-09 13:13:03 | INFO     | Epoch 1/50
2025-05-09 13:13:03 | INFO     | Train Loss: 0.4384, Val Loss: 0.2746
2025-05-09 13:13:03 | INFO     | Train Acc: 0.8456, Val Acc: 0.9711
2025-05-09 13:13:03 | SUCCESS  | Best model saved.
2025-05-09 13:21:53 | INFO     | Epoch 2/50
2025-05-09 13:21:53 | INFO     | Train Loss: 0.3427, Val Loss: 0.2468
2025-05-09 13:21:53 | INFO     | Train Acc: 0.9110, Val Acc: 0.9895
2025-05-09 13:21:53 | SUCCESS  | Best model saved.
